{"meta": {"format": 3, "version": "7.11.2", "timestamp": "2026-01-06T18:45:03.007022", "branch_coverage": false, "show_contexts": false}, "files": {"api/__init__.py": {"executed_lines": [0], "summary": {"covered_lines": 0, "num_statements": 0, "percent_covered": 100.0, "percent_covered_display": "100", "missing_lines": 0, "excluded_lines": 0}, "missing_lines": [], "excluded_lines": [], "functions": {"": {"executed_lines": [], "summary": {"covered_lines": 0, "num_statements": 0, "percent_covered": 100.0, "percent_covered_display": "100", "missing_lines": 0, "excluded_lines": 0}, "missing_lines": [], "excluded_lines": []}}, "classes": {"": {"executed_lines": [], "summary": {"covered_lines": 0, "num_statements": 0, "percent_covered": 100.0, "percent_covered_display": "100", "missing_lines": 0, "excluded_lines": 0}, "missing_lines": [], "excluded_lines": []}}}, "api/config.py": {"executed_lines": [1, 2, 5, 6, 9, 10, 11, 12, 15, 16, 17, 20], "summary": {"covered_lines": 10, "num_statements": 10, "percent_covered": 100.0, "percent_covered_display": "100", "missing_lines": 0, "excluded_lines": 0}, "missing_lines": [], "excluded_lines": [], "functions": {"": {"executed_lines": [1, 2, 5, 6, 9, 10, 11, 12, 15, 16, 17, 20], "summary": {"covered_lines": 10, "num_statements": 10, "percent_covered": 100.0, "percent_covered_display": "100", "missing_lines": 0, "excluded_lines": 0}, "missing_lines": [], "excluded_lines": []}}, "classes": {"Config": {"executed_lines": [], "summary": {"covered_lines": 0, "num_statements": 0, "percent_covered": 100.0, "percent_covered_display": "100", "missing_lines": 0, "excluded_lines": 0}, "missing_lines": [], "excluded_lines": []}, "": {"executed_lines": [1, 2, 5, 6, 9, 10, 11, 12, 15, 16, 17, 20], "summary": {"covered_lines": 10, "num_statements": 10, "percent_covered": 100.0, "percent_covered_display": "100", "missing_lines": 0, "excluded_lines": 0}, "missing_lines": [], "excluded_lines": []}}}, "api/db/__init__.py": {"executed_lines": [0], "summary": {"covered_lines": 0, "num_statements": 0, "percent_covered": 100.0, "percent_covered_display": "100", "missing_lines": 0, "excluded_lines": 0}, "missing_lines": [], "excluded_lines": [], "functions": {"": {"executed_lines": [], "summary": {"covered_lines": 0, "num_statements": 0, "percent_covered": 100.0, "percent_covered_display": "100", "missing_lines": 0, "excluded_lines": 0}, "missing_lines": [], "excluded_lines": []}}, "classes": {"": {"executed_lines": [], "summary": {"covered_lines": 0, "num_statements": 0, "percent_covered": 100.0, "percent_covered_display": "100", "missing_lines": 0, "excluded_lines": 0}, "missing_lines": [], "excluded_lines": []}}}, "api/db/neo4j.py": {"executed_lines": [1, 2, 3, 4, 5, 8, 11, 12, 14, 15, 16, 17, 19, 22, 24, 26, 28, 30, 31, 32, 33, 34, 35, 37, 43, 105, 119, 150, 158, 161, 164, 165, 166], "summary": {"covered_lines": 31, "num_statements": 76, "percent_covered": 40.78947368421053, "percent_covered_display": "41", "missing_lines": 45, "excluded_lines": 0}, "missing_lines": [20, 39, 40, 41, 48, 53, 54, 56, 57, 59, 61, 62, 63, 65, 66, 67, 69, 77, 78, 79, 80, 81, 82, 84, 92, 93, 100, 108, 110, 111, 112, 113, 114, 115, 117, 122, 127, 130, 134, 137, 142, 144, 152, 153, 154], "excluded_lines": [], "functions": {"Neo4jClient.__init__": {"executed_lines": [15, 16, 17, 19, 22], "summary": {"covered_lines": 5, "num_statements": 6, "percent_covered": 83.33333333333333, "percent_covered_display": "83", "missing_lines": 1, "excluded_lines": 0}, "missing_lines": [20], "excluded_lines": []}, "Neo4jClient.close": {"executed_lines": [26], "summary": {"covered_lines": 1, "num_statements": 1, "percent_covered": 100.0, "percent_covered_display": "100", "missing_lines": 0, "excluded_lines": 0}, "missing_lines": [], "excluded_lines": []}, "Neo4jClient.verify_connectivity": {"executed_lines": [30, 31, 32, 33, 34, 35], "summary": {"covered_lines": 6, "num_statements": 6, "percent_covered": 100.0, "percent_covered_display": "100", "missing_lines": 0, "excluded_lines": 0}, "missing_lines": [], "excluded_lines": []}, "Neo4jClient.execute_query": {"executed_lines": [], "summary": {"covered_lines": 0, "num_statements": 3, "percent_covered": 0.0, "percent_covered_display": "0", "missing_lines": 3, "excluded_lines": 0}, "missing_lines": [39, 40, 41], "excluded_lines": []}, "Neo4jClient.get_test_rel_2_graph": {"executed_lines": [], "summary": {"covered_lines": 0, "num_statements": 23, "percent_covered": 0.0, "percent_covered_display": "0", "missing_lines": 23, "excluded_lines": 0}, "missing_lines": [48, 53, 54, 56, 57, 59, 61, 62, 63, 65, 66, 67, 69, 77, 78, 79, 80, 81, 82, 84, 92, 93, 100], "excluded_lines": []}, "Neo4jClient._infer_node_type": {"executed_lines": [], "summary": {"covered_lines": 0, "num_statements": 8, "percent_covered": 0.0, "percent_covered_display": "0", "missing_lines": 8, "excluded_lines": 0}, "missing_lines": [108, 110, 111, 112, 113, 114, 115, 117], "excluded_lines": []}, "Neo4jClient.get_graph_schema": {"executed_lines": [], "summary": {"covered_lines": 0, "num_statements": 7, "percent_covered": 0.0, "percent_covered_display": "0", "missing_lines": 7, "excluded_lines": 0}, "missing_lines": [122, 127, 130, 134, 137, 142, 144], "excluded_lines": []}, "Neo4jClient.get_node_count": {"executed_lines": [], "summary": {"covered_lines": 0, "num_statements": 3, "percent_covered": 0.0, "percent_covered_display": "0", "missing_lines": 3, "excluded_lines": 0}, "missing_lines": [152, 153, 154], "excluded_lines": []}, "get_neo4j_client": {"executed_lines": [164, 165, 166], "summary": {"covered_lines": 3, "num_statements": 3, "percent_covered": 100.0, "percent_covered_display": "100", "missing_lines": 0, "excluded_lines": 0}, "missing_lines": [], "excluded_lines": []}, "": {"executed_lines": [1, 2, 3, 4, 5, 8, 11, 12, 14, 24, 28, 37, 43, 105, 119, 150, 158, 161], "summary": {"covered_lines": 16, "num_statements": 16, "percent_covered": 100.0, "percent_covered_display": "100", "missing_lines": 0, "excluded_lines": 0}, "missing_lines": [], "excluded_lines": []}}, "classes": {"Neo4jClient": {"executed_lines": [15, 16, 17, 19, 22, 26, 30, 31, 32, 33, 34, 35], "summary": {"covered_lines": 12, "num_statements": 57, "percent_covered": 21.05263157894737, "percent_covered_display": "21", "missing_lines": 45, "excluded_lines": 0}, "missing_lines": [20, 39, 40, 41, 48, 53, 54, 56, 57, 59, 61, 62, 63, 65, 66, 67, 69, 77, 78, 79, 80, 81, 82, 84, 92, 93, 100, 108, 110, 111, 112, 113, 114, 115, 117, 122, 127, 130, 134, 137, 142, 144, 152, 153, 154], "excluded_lines": []}, "": {"executed_lines": [1, 2, 3, 4, 5, 8, 11, 12, 14, 24, 28, 37, 43, 105, 119, 150, 158, 161, 164, 165, 166], "summary": {"covered_lines": 19, "num_statements": 19, "percent_covered": 100.0, "percent_covered_display": "100", "missing_lines": 0, "excluded_lines": 0}, "missing_lines": [], "excluded_lines": []}}}, "api/main.py": {"executed_lines": [1, 2, 3, 4, 5, 7, 8, 9, 10, 13, 15, 16, 17, 20, 24, 27, 28, 31, 32, 33, 34, 35, 37, 41, 44, 45, 46, 47, 48, 53, 61, 76, 77, 78, 79, 80, 81, 84, 85, 114, 115, 126, 127, 141], "summary": {"covered_lines": 43, "num_statements": 62, "percent_covered": 69.35483870967742, "percent_covered_display": "69", "missing_lines": 19, "excluded_lines": 0}, "missing_lines": [38, 39, 49, 50, 87, 88, 89, 91, 92, 93, 100, 105, 106, 107, 117, 129, 130, 142, 143], "excluded_lines": [], "functions": {"lifespan": {"executed_lines": [31, 32, 33, 34, 35, 37, 41, 44, 45, 46, 47, 48], "summary": {"covered_lines": 12, "num_statements": 16, "percent_covered": 75.0, "percent_covered_display": "75", "missing_lines": 4, "excluded_lines": 0}, "missing_lines": [38, 39, 49, 50], "excluded_lines": []}, "health_check": {"executed_lines": [], "summary": {"covered_lines": 0, "num_statements": 10, "percent_covered": 0.0, "percent_covered_display": "0", "missing_lines": 10, "excluded_lines": 0}, "missing_lines": [87, 88, 89, 91, 92, 93, 100, 105, 106, 107], "excluded_lines": []}, "root": {"executed_lines": [], "summary": {"covered_lines": 0, "num_statements": 1, "percent_covered": 0.0, "percent_covered_display": "0", "missing_lines": 1, "excluded_lines": 0}, "missing_lines": [117], "excluded_lines": []}, "global_exception_handler": {"executed_lines": [], "summary": {"covered_lines": 0, "num_statements": 2, "percent_covered": 0.0, "percent_covered_display": "0", "missing_lines": 2, "excluded_lines": 0}, "missing_lines": [129, 130], "excluded_lines": []}, "": {"executed_lines": [1, 2, 3, 4, 5, 7, 8, 9, 10, 13, 15, 16, 17, 20, 24, 27, 28, 53, 61, 76, 77, 78, 79, 80, 81, 84, 85, 114, 115, 126, 127, 141], "summary": {"covered_lines": 31, "num_statements": 33, "percent_covered": 93.93939393939394, "percent_covered_display": "94", "missing_lines": 2, "excluded_lines": 0}, "missing_lines": [142, 143], "excluded_lines": []}}, "classes": {"": {"executed_lines": [1, 2, 3, 4, 5, 7, 8, 9, 10, 13, 15, 16, 17, 20, 24, 27, 28, 31, 32, 33, 34, 35, 37, 41, 44, 45, 46, 47, 48, 53, 61, 76, 77, 78, 79, 80, 81, 84, 85, 114, 115, 126, 127, 141], "summary": {"covered_lines": 43, "num_statements": 62, "percent_covered": 69.35483870967742, "percent_covered_display": "69", "missing_lines": 19, "excluded_lines": 0}, "missing_lines": [38, 39, 49, 50, 87, 88, 89, 91, 92, 93, 100, 105, 106, 107, 117, 129, 130, 142, 143], "excluded_lines": []}}}, "api/routers/__init__.py": {"executed_lines": [0], "summary": {"covered_lines": 0, "num_statements": 0, "percent_covered": 100.0, "percent_covered_display": "100", "missing_lines": 0, "excluded_lines": 0}, "missing_lines": [], "excluded_lines": [], "functions": {"": {"executed_lines": [], "summary": {"covered_lines": 0, "num_statements": 0, "percent_covered": 100.0, "percent_covered_display": "100", "missing_lines": 0, "excluded_lines": 0}, "missing_lines": [], "excluded_lines": []}}, "classes": {"": {"executed_lines": [], "summary": {"covered_lines": 0, "num_statements": 0, "percent_covered": 100.0, "percent_covered_display": "100", "missing_lines": 0, "excluded_lines": 0}, "missing_lines": [], "excluded_lines": []}}}, "api/routers/annotation.py": {"executed_lines": [1, 2, 3, 4, 6, 13, 15, 17, 20, 21, 46, 47, 66, 67, 78, 79], "summary": {"covered_lines": 15, "num_statements": 43, "percent_covered": 34.883720930232556, "percent_covered_display": "35", "missing_lines": 28, "excluded_lines": 0}, "missing_lines": [23, 24, 25, 37, 41, 42, 43, 49, 50, 51, 57, 61, 62, 63, 69, 70, 71, 72, 73, 74, 75, 81, 82, 83, 84, 85, 86, 87], "excluded_lines": [], "functions": {"submit_annotation": {"executed_lines": [], "summary": {"covered_lines": 0, "num_statements": 7, "percent_covered": 0.0, "percent_covered_display": "0", "missing_lines": 7, "excluded_lines": 0}, "missing_lines": [23, 24, 25, 37, 41, 42, 43], "excluded_lines": []}, "submit_simple_annotation": {"executed_lines": [], "summary": {"covered_lines": 0, "num_statements": 7, "percent_covered": 0.0, "percent_covered_display": "0", "missing_lines": 7, "excluded_lines": 0}, "missing_lines": [49, 50, 51, 57, 61, 62, 63], "excluded_lines": []}, "get_pending_tasks": {"executed_lines": [], "summary": {"covered_lines": 0, "num_statements": 7, "percent_covered": 0.0, "percent_covered_display": "0", "missing_lines": 7, "excluded_lines": 0}, "missing_lines": [69, 70, 71, 72, 73, 74, 75], "excluded_lines": []}, "get_stats": {"executed_lines": [], "summary": {"covered_lines": 0, "num_statements": 7, "percent_covered": 0.0, "percent_covered_display": "0", "missing_lines": 7, "excluded_lines": 0}, "missing_lines": [81, 82, 83, 84, 85, 86, 87], "excluded_lines": []}, "": {"executed_lines": [1, 2, 3, 4, 6, 13, 15, 17, 20, 21, 46, 47, 66, 67, 78, 79], "summary": {"covered_lines": 15, "num_statements": 15, "percent_covered": 100.0, "percent_covered_display": "100", "missing_lines": 0, "excluded_lines": 0}, "missing_lines": [], "excluded_lines": []}}, "classes": {"": {"executed_lines": [1, 2, 3, 4, 6, 13, 15, 17, 20, 21, 46, 47, 66, 67, 78, 79], "summary": {"covered_lines": 15, "num_statements": 43, "percent_covered": 34.883720930232556, "percent_covered_display": "35", "missing_lines": 28, "excluded_lines": 0}, "missing_lines": [23, 24, 25, 37, 41, 42, 43, 49, 50, 51, 57, 61, 62, 63, 69, 70, 71, 72, 73, 74, 75, 81, 82, 83, 84, 85, 86, 87], "excluded_lines": []}}}, "api/routers/auth.py": {"executed_lines": [1, 2, 3, 5, 6, 8, 16, 18, 22, 23, 24, 25, 28, 29, 30, 31, 32, 35, 36, 37, 38, 39, 40, 43, 44, 45, 46, 50, 56, 57, 60, 61, 62, 64, 65, 67, 68, 70, 71, 74, 82, 84, 85, 90, 93, 94, 101, 103, 104, 105, 111, 115, 117, 128, 129, 137, 138, 139, 145, 146, 152, 159, 163, 165, 176, 177, 183, 186, 187, 194], "summary": {"covered_lines": 65, "num_statements": 66, "percent_covered": 98.48484848484848, "percent_covered_display": "98", "missing_lines": 1, "excluded_lines": 0}, "missing_lines": [72], "excluded_lines": [], "functions": {"get_current_user": {"executed_lines": [56, 57, 60, 61, 62, 64, 65, 67, 68, 70, 71, 74], "summary": {"covered_lines": 12, "num_statements": 13, "percent_covered": 92.3076923076923, "percent_covered_display": "92", "missing_lines": 1, "excluded_lines": 0}, "missing_lines": [72], "excluded_lines": []}, "require_auth": {"executed_lines": [84, 85, 90], "summary": {"covered_lines": 3, "num_statements": 3, "percent_covered": 100.0, "percent_covered_display": "100", "missing_lines": 0, "excluded_lines": 0}, "missing_lines": [], "excluded_lines": []}, "login": {"executed_lines": [101, 103, 104, 105, 111, 115, 117], "summary": {"covered_lines": 7, "num_statements": 7, "percent_covered": 100.0, "percent_covered_display": "100", "missing_lines": 0, "excluded_lines": 0}, "missing_lines": [], "excluded_lines": []}, "register": {"executed_lines": [137, 138, 139, 145, 146, 152, 159, 163, 165], "summary": {"covered_lines": 9, "num_statements": 9, "percent_covered": 100.0, "percent_covered_display": "100", "missing_lines": 0, "excluded_lines": 0}, "missing_lines": [], "excluded_lines": []}, "get_current_user_info": {"executed_lines": [183], "summary": {"covered_lines": 1, "num_statements": 1, "percent_covered": 100.0, "percent_covered_display": "100", "missing_lines": 0, "excluded_lines": 0}, "missing_lines": [], "excluded_lines": []}, "logout": {"executed_lines": [194], "summary": {"covered_lines": 1, "num_statements": 1, "percent_covered": 100.0, "percent_covered_display": "100", "missing_lines": 0, "excluded_lines": 0}, "missing_lines": [], "excluded_lines": []}, "": {"executed_lines": [1, 2, 3, 5, 6, 8, 16, 18, 22, 23, 24, 25, 28, 29, 30, 31, 32, 35, 36, 37, 38, 39, 40, 43, 44, 45, 46, 50, 82, 93, 94, 128, 129, 176, 177, 186, 187], "summary": {"covered_lines": 32, "num_statements": 32, "percent_covered": 100.0, "percent_covered_display": "100", "missing_lines": 0, "excluded_lines": 0}, "missing_lines": [], "excluded_lines": []}}, "classes": {"LoginRequest": {"executed_lines": [], "summary": {"covered_lines": 0, "num_statements": 0, "percent_covered": 100.0, "percent_covered_display": "100", "missing_lines": 0, "excluded_lines": 0}, "missing_lines": [], "excluded_lines": []}, "RegisterRequest": {"executed_lines": [], "summary": {"covered_lines": 0, "num_statements": 0, "percent_covered": 100.0, "percent_covered_display": "100", "missing_lines": 0, "excluded_lines": 0}, "missing_lines": [], "excluded_lines": []}, "UserResponse": {"executed_lines": [], "summary": {"covered_lines": 0, "num_statements": 0, "percent_covered": 100.0, "percent_covered_display": "100", "missing_lines": 0, "excluded_lines": 0}, "missing_lines": [], "excluded_lines": []}, "AuthResponse": {"executed_lines": [], "summary": {"covered_lines": 0, "num_statements": 0, "percent_covered": 100.0, "percent_covered_display": "100", "missing_lines": 0, "excluded_lines": 0}, "missing_lines": [], "excluded_lines": []}, "": {"executed_lines": [1, 2, 3, 5, 6, 8, 16, 18, 22, 23, 24, 25, 28, 29, 30, 31, 32, 35, 36, 37, 38, 39, 40, 43, 44, 45, 46, 50, 56, 57, 60, 61, 62, 64, 65, 67, 68, 70, 71, 74, 82, 84, 85, 90, 93, 94, 101, 103, 104, 105, 111, 115, 117, 128, 129, 137, 138, 139, 145, 146, 152, 159, 163, 165, 176, 177, 183, 186, 187, 194], "summary": {"covered_lines": 65, "num_statements": 66, "percent_covered": 98.48484848484848, "percent_covered_display": "98", "missing_lines": 1, "excluded_lines": 0}, "missing_lines": [72], "excluded_lines": []}}}, "api/routers/documents.py": {"executed_lines": [1, 2, 3, 4, 5, 6, 7, 9, 10, 12, 14, 17, 18, 19, 22, 25, 26, 27, 28, 29, 30, 31, 32, 35, 36, 37, 38, 41, 42, 49, 50, 51, 53, 55, 59, 60, 64, 65, 66, 72, 73, 74, 77, 80, 81, 84, 90, 91, 93, 96, 105, 107, 115, 121, 124, 125, 134, 136, 137, 140, 142, 155, 156, 158, 159, 161, 162, 172, 173, 175, 176, 178, 181, 182, 190, 192, 195, 196, 198, 199, 201, 202, 203, 204, 206, 212, 213, 215, 217, 220, 221, 227, 228, 230, 231, 235], "summary": {"covered_lines": 93, "num_statements": 109, "percent_covered": 85.3211009174312, "percent_covered_display": "85", "missing_lines": 16, "excluded_lines": 0}, "missing_lines": [56, 61, 78, 85, 117, 118, 119, 183, 184, 185, 186, 187, 207, 208, 209, 210], "excluded_lines": [], "functions": {"upload_documents": {"executed_lines": [49, 50, 51, 53, 55, 59, 60, 64, 65, 66, 72, 73, 74, 77, 80, 81, 84, 90, 91, 93, 96, 105, 107, 115, 121], "summary": {"covered_lines": 25, "num_statements": 32, "percent_covered": 78.125, "percent_covered_display": "78", "missing_lines": 7, "excluded_lines": 0}, "missing_lines": [56, 61, 78, 85, 117, 118, 119], "excluded_lines": []}, "list_documents": {"executed_lines": [134, 136, 137, 140, 142], "summary": {"covered_lines": 5, "num_statements": 5, "percent_covered": 100.0, "percent_covered_display": "100", "missing_lines": 0, "excluded_lines": 0}, "missing_lines": [], "excluded_lines": []}, "get_document": {"executed_lines": [158, 159, 161, 162], "summary": {"covered_lines": 4, "num_statements": 4, "percent_covered": 100.0, "percent_covered_display": "100", "missing_lines": 0, "excluded_lines": 0}, "missing_lines": [], "excluded_lines": []}, "delete_document": {"executed_lines": [175, 176, 178, 181, 182, 190, 192], "summary": {"covered_lines": 7, "num_statements": 12, "percent_covered": 58.333333333333336, "percent_covered_display": "58", "missing_lines": 5, "excluded_lines": 0}, "missing_lines": [183, 184, 185, 186, 187], "excluded_lines": []}, "batch_delete_documents": {"executed_lines": [198, 199, 201, 202, 203, 204, 206, 212, 213, 215, 217], "summary": {"covered_lines": 11, "num_statements": 15, "percent_covered": 73.33333333333333, "percent_covered_display": "73", "missing_lines": 4, "excluded_lines": 0}, "missing_lines": [207, 208, 209, 210], "excluded_lines": []}, "reprocess_document": {"executed_lines": [227, 228, 230, 231, 235], "summary": {"covered_lines": 5, "num_statements": 5, "percent_covered": 100.0, "percent_covered_display": "100", "missing_lines": 0, "excluded_lines": 0}, "missing_lines": [], "excluded_lines": []}, "": {"executed_lines": [1, 2, 3, 4, 5, 6, 7, 9, 10, 12, 14, 17, 18, 19, 22, 25, 26, 27, 28, 29, 30, 31, 32, 35, 36, 37, 38, 41, 42, 124, 125, 155, 156, 172, 173, 195, 196, 220, 221], "summary": {"covered_lines": 36, "num_statements": 36, "percent_covered": 100.0, "percent_covered_display": "100", "missing_lines": 0, "excluded_lines": 0}, "missing_lines": [], "excluded_lines": []}}, "classes": {"DocumentResponse": {"executed_lines": [], "summary": {"covered_lines": 0, "num_statements": 0, "percent_covered": 100.0, "percent_covered_display": "100", "missing_lines": 0, "excluded_lines": 0}, "missing_lines": [], "excluded_lines": []}, "UploadResponse": {"executed_lines": [], "summary": {"covered_lines": 0, "num_statements": 0, "percent_covered": 100.0, "percent_covered_display": "100", "missing_lines": 0, "excluded_lines": 0}, "missing_lines": [], "excluded_lines": []}, "": {"executed_lines": [1, 2, 3, 4, 5, 6, 7, 9, 10, 12, 14, 17, 18, 19, 22, 25, 26, 27, 28, 29, 30, 31, 32, 35, 36, 37, 38, 41, 42, 49, 50, 51, 53, 55, 59, 60, 64, 65, 66, 72, 73, 74, 77, 80, 81, 84, 90, 91, 93, 96, 105, 107, 115, 121, 124, 125, 134, 136, 137, 140, 142, 155, 156, 158, 159, 161, 162, 172, 173, 175, 176, 178, 181, 182, 190, 192, 195, 196, 198, 199, 201, 202, 203, 204, 206, 212, 213, 215, 217, 220, 221, 227, 228, 230, 231, 235], "summary": {"covered_lines": 93, "num_statements": 109, "percent_covered": 85.3211009174312, "percent_covered_display": "85", "missing_lines": 16, "excluded_lines": 0}, "missing_lines": [56, 61, 78, 85, 117, 118, 119, 183, 184, 185, 186, 187, 207, 208, 209, 210], "excluded_lines": []}}}, "api/routers/graph.py": {"executed_lines": [1, 2, 3, 5, 11, 13, 16, 17, 35, 36, 69, 70, 80, 81], "summary": {"covered_lines": 13, "num_statements": 49, "percent_covered": 26.53061224489796, "percent_covered_display": "27", "missing_lines": 36, "excluded_lines": 0}, "missing_lines": [24, 25, 26, 27, 28, 29, 41, 43, 44, 45, 51, 52, 53, 54, 59, 60, 61, 63, 64, 65, 66, 72, 73, 74, 75, 76, 77, 83, 84, 87, 90, 94, 95, 97, 102, 103], "excluded_lines": [], "functions": {"get_graph_nodes": {"executed_lines": [], "summary": {"covered_lines": 0, "num_statements": 6, "percent_covered": 0.0, "percent_covered_display": "0", "missing_lines": 6, "excluded_lines": 0}, "missing_lines": [24, 25, 26, 27, 28, 29], "excluded_lines": []}, "execute_cypher": {"executed_lines": [], "summary": {"covered_lines": 0, "num_statements": 15, "percent_covered": 0.0, "percent_covered_display": "0", "missing_lines": 15, "excluded_lines": 0}, "missing_lines": [41, 43, 44, 45, 51, 52, 53, 54, 59, 60, 61, 63, 64, 65, 66], "excluded_lines": []}, "get_graph_schema": {"executed_lines": [], "summary": {"covered_lines": 0, "num_statements": 6, "percent_covered": 0.0, "percent_covered_display": "0", "missing_lines": 6, "excluded_lines": 0}, "missing_lines": [72, 73, 74, 75, 76, 77], "excluded_lines": []}, "get_graph_stats": {"executed_lines": [], "summary": {"covered_lines": 0, "num_statements": 9, "percent_covered": 0.0, "percent_covered_display": "0", "missing_lines": 9, "excluded_lines": 0}, "missing_lines": [83, 84, 87, 90, 94, 95, 97, 102, 103], "excluded_lines": []}, "": {"executed_lines": [1, 2, 3, 5, 11, 13, 16, 17, 35, 36, 69, 70, 80, 81], "summary": {"covered_lines": 13, "num_statements": 13, "percent_covered": 100.0, "percent_covered_display": "100", "missing_lines": 0, "excluded_lines": 0}, "missing_lines": [], "excluded_lines": []}}, "classes": {"": {"executed_lines": [1, 2, 3, 5, 11, 13, 16, 17, 35, 36, 69, 70, 80, 81], "summary": {"covered_lines": 13, "num_statements": 49, "percent_covered": 26.53061224489796, "percent_covered_display": "27", "missing_lines": 36, "excluded_lines": 0}, "missing_lines": [24, 25, 26, 27, 28, 29, 41, 43, 44, 45, 51, 52, 53, 54, 59, 60, 61, 63, 64, 65, 66, 72, 73, 74, 75, 76, 77, 83, 84, 87, 90, 94, 95, 97, 102, 103], "excluded_lines": []}}}, "api/routers/rag.py": {"executed_lines": [1, 2, 3, 4, 5, 6, 7, 8, 10, 18, 19, 20, 21, 22, 24, 26, 29, 30, 41, 43, 54, 55, 56, 62, 63, 68, 69, 76, 81, 91, 92, 97, 98, 104, 113, 114, 116, 117, 120, 121, 128, 129, 130, 135, 136, 137, 140, 141, 142, 143, 144, 145, 148, 149, 150, 151, 152, 153, 154, 157, 158, 159, 160, 161, 164, 165, 166, 167, 168, 171, 172, 173, 174, 175, 176, 177, 180, 181, 182, 183, 184, 185, 186, 189, 190, 196, 197, 200, 202, 203, 204, 209, 216, 218, 229, 231, 232, 233, 238, 239, 240, 249, 252, 253, 255, 266, 268], "summary": {"covered_lines": 99, "num_statements": 121, "percent_covered": 81.81818181818181, "percent_covered_display": "82", "missing_lines": 22, "excluded_lines": 0}, "missing_lines": [44, 57, 58, 59, 86, 87, 88, 108, 109, 110, 210, 211, 212, 213, 214, 241, 242, 243, 244, 245, 246, 247], "excluded_lines": [], "functions": {"query_rag_agent": {"executed_lines": [41, 43, 54, 55, 56], "summary": {"covered_lines": 5, "num_statements": 9, "percent_covered": 55.55555555555556, "percent_covered_display": "56", "missing_lines": 4, "excluded_lines": 0}, "missing_lines": [44, 57, 58, 59], "excluded_lines": []}, "retrieve_chunks_endpoint": {"executed_lines": [68, 69, 76, 81], "summary": {"covered_lines": 4, "num_statements": 7, "percent_covered": 57.142857142857146, "percent_covered_display": "57", "missing_lines": 3, "excluded_lines": 0}, "missing_lines": [86, 87, 88], "excluded_lines": []}, "rerank_chunks_endpoint": {"executed_lines": [97, 98, 104], "summary": {"covered_lines": 3, "num_statements": 6, "percent_covered": 50.0, "percent_covered_display": "50", "missing_lines": 3, "excluded_lines": 0}, "missing_lines": [108, 109, 110], "excluded_lines": []}, "list_tools": {"executed_lines": [116, 117], "summary": {"covered_lines": 2, "num_statements": 2, "percent_covered": 100.0, "percent_covered_display": "100", "missing_lines": 0, "excluded_lines": 0}, "missing_lines": [], "excluded_lines": []}, "get_sample_questions_endpoint": {"executed_lines": [128, 129, 130], "summary": {"covered_lines": 3, "num_statements": 3, "percent_covered": 100.0, "percent_covered_display": "100", "missing_lines": 0, "excluded_lines": 0}, "missing_lines": [], "excluded_lines": []}, "compare_vector_graph": {"executed_lines": [196, 197, 200, 202, 203, 204, 209, 216, 218, 229, 231, 232, 233, 238, 239, 240, 249, 252, 253, 255, 266, 268], "summary": {"covered_lines": 22, "num_statements": 34, "percent_covered": 64.70588235294117, "percent_covered_display": "65", "missing_lines": 12, "excluded_lines": 0}, "missing_lines": [210, 211, 212, 213, 214, 241, 242, 243, 244, 245, 246, 247], "excluded_lines": []}, "": {"executed_lines": [1, 2, 3, 4, 5, 6, 7, 8, 10, 18, 19, 20, 21, 22, 24, 26, 29, 30, 62, 63, 91, 92, 113, 114, 120, 121, 135, 136, 137, 140, 141, 142, 143, 144, 145, 148, 149, 150, 151, 152, 153, 154, 157, 158, 159, 160, 161, 164, 165, 166, 167, 168, 171, 172, 173, 174, 175, 176, 177, 180, 181, 182, 183, 184, 185, 186, 189, 190], "summary": {"covered_lines": 60, "num_statements": 60, "percent_covered": 100.0, "percent_covered_display": "100", "missing_lines": 0, "excluded_lines": 0}, "missing_lines": [], "excluded_lines": []}}, "classes": {"CompareRequest": {"executed_lines": [], "summary": {"covered_lines": 0, "num_statements": 0, "percent_covered": 100.0, "percent_covered_display": "100", "missing_lines": 0, "excluded_lines": 0}, "missing_lines": [], "excluded_lines": []}, "SourceItem": {"executed_lines": [], "summary": {"covered_lines": 0, "num_statements": 0, "percent_covered": 100.0, "percent_covered_display": "100", "missing_lines": 0, "excluded_lines": 0}, "missing_lines": [], "excluded_lines": []}, "MetricsItem": {"executed_lines": [], "summary": {"covered_lines": 0, "num_statements": 0, "percent_covered": 100.0, "percent_covered_display": "100", "missing_lines": 0, "excluded_lines": 0}, "missing_lines": [], "excluded_lines": []}, "VectorResult": {"executed_lines": [], "summary": {"covered_lines": 0, "num_statements": 0, "percent_covered": 100.0, "percent_covered_display": "100", "missing_lines": 0, "excluded_lines": 0}, "missing_lines": [], "excluded_lines": []}, "GraphContextItem": {"executed_lines": [], "summary": {"covered_lines": 0, "num_statements": 0, "percent_covered": 100.0, "percent_covered_display": "100", "missing_lines": 0, "excluded_lines": 0}, "missing_lines": [], "excluded_lines": []}, "GraphResult": {"executed_lines": [], "summary": {"covered_lines": 0, "num_statements": 0, "percent_covered": 100.0, "percent_covered_display": "100", "missing_lines": 0, "excluded_lines": 0}, "missing_lines": [], "excluded_lines": []}, "CompareResponse": {"executed_lines": [], "summary": {"covered_lines": 0, "num_statements": 0, "percent_covered": 100.0, "percent_covered_display": "100", "missing_lines": 0, "excluded_lines": 0}, "missing_lines": [], "excluded_lines": []}, "": {"executed_lines": [1, 2, 3, 4, 5, 6, 7, 8, 10, 18, 19, 20, 21, 22, 24, 26, 29, 30, 41, 43, 54, 55, 56, 62, 63, 68, 69, 76, 81, 91, 92, 97, 98, 104, 113, 114, 116, 117, 120, 121, 128, 129, 130, 135, 136, 137, 140, 141, 142, 143, 144, 145, 148, 149, 150, 151, 152, 153, 154, 157, 158, 159, 160, 161, 164, 165, 166, 167, 168, 171, 172, 173, 174, 175, 176, 177, 180, 181, 182, 183, 184, 185, 186, 189, 190, 196, 197, 200, 202, 203, 204, 209, 216, 218, 229, 231, 232, 233, 238, 239, 240, 249, 252, 253, 255, 266, 268], "summary": {"covered_lines": 99, "num_statements": 121, "percent_covered": 81.81818181818181, "percent_covered_display": "82", "missing_lines": 22, "excluded_lines": 0}, "missing_lines": [44, 57, 58, 59, 86, 87, 88, 108, 109, 110, 210, 211, 212, 213, 214, 241, 242, 243, 244, 245, 246, 247], "excluded_lines": []}}}, "api/routers/stats.py": {"executed_lines": [1, 2, 3, 4, 5, 6, 8, 9, 11, 12, 13, 15, 17, 20, 21, 22, 23, 24, 25, 26, 27, 31, 32, 35, 37, 38, 39, 42, 50, 51], "summary": {"covered_lines": 28, "num_statements": 52, "percent_covered": 53.84615384615385, "percent_covered_display": "54", "missing_lines": 24, "excluded_lines": 0}, "missing_lines": [44, 45, 46, 47, 63, 64, 67, 68, 77, 79, 80, 81, 82, 84, 85, 86, 89, 90, 93, 95, 97, 106, 107, 108], "excluded_lines": [], "functions": {"record_response_time": {"executed_lines": [37, 38, 39], "summary": {"covered_lines": 3, "num_statements": 3, "percent_covered": 100.0, "percent_covered_display": "100", "missing_lines": 0, "excluded_lines": 0}, "missing_lines": [], "excluded_lines": []}, "get_avg_response_time": {"executed_lines": [], "summary": {"covered_lines": 0, "num_statements": 4, "percent_covered": 0.0, "percent_covered_display": "0", "missing_lines": 4, "excluded_lines": 0}, "missing_lines": [44, 45, 46, 47], "excluded_lines": []}, "get_system_stats": {"executed_lines": [], "summary": {"covered_lines": 0, "num_statements": 20, "percent_covered": 0.0, "percent_covered_display": "0", "missing_lines": 20, "excluded_lines": 0}, "missing_lines": [63, 64, 67, 68, 77, 79, 80, 81, 82, 84, 85, 86, 89, 90, 93, 95, 97, 106, 107, 108], "excluded_lines": []}, "": {"executed_lines": [1, 2, 3, 4, 5, 6, 8, 9, 11, 12, 13, 15, 17, 20, 21, 22, 23, 24, 25, 26, 27, 31, 32, 35, 42, 50, 51], "summary": {"covered_lines": 25, "num_statements": 25, "percent_covered": 100.0, "percent_covered_display": "100", "missing_lines": 0, "excluded_lines": 0}, "missing_lines": [], "excluded_lines": []}}, "classes": {"SystemStats": {"executed_lines": [], "summary": {"covered_lines": 0, "num_statements": 0, "percent_covered": 100.0, "percent_covered_display": "100", "missing_lines": 0, "excluded_lines": 0}, "missing_lines": [], "excluded_lines": []}, "": {"executed_lines": [1, 2, 3, 4, 5, 6, 8, 9, 11, 12, 13, 15, 17, 20, 21, 22, 23, 24, 25, 26, 27, 31, 32, 35, 37, 38, 39, 42, 50, 51], "summary": {"covered_lines": 28, "num_statements": 52, "percent_covered": 53.84615384615385, "percent_covered_display": "54", "missing_lines": 24, "excluded_lines": 0}, "missing_lines": [44, 45, 46, 47, 63, 64, 67, 68, 77, 79, 80, 81, 82, 84, 85, 86, 89, 90, 93, 95, 97, 106, 107, 108], "excluded_lines": []}}}, "api/schemas.py": {"executed_lines": [1, 2, 3, 4, 9, 10, 11, 12, 13, 14, 17, 18, 19, 20, 21, 22, 25, 26, 27, 28, 31, 32, 33, 34, 37, 38, 39, 40, 43, 44, 45, 46, 47, 52, 53, 54, 55, 56, 57, 62, 63, 64, 65, 66, 69, 70, 71, 72, 73, 76, 77, 78, 79, 80, 83, 84, 85, 86, 87, 90, 91, 92, 93, 96, 97, 98, 99, 102, 103, 104, 105, 106, 111, 112, 113, 114, 115, 116, 117, 122, 123, 124, 125, 126, 127, 128, 129, 130, 131, 132, 135, 136, 137, 138, 141, 142, 143, 144, 145, 146, 147, 150, 151, 152, 153, 154, 155, 156, 159, 160, 161, 162, 163, 164, 165, 166, 169, 170, 171, 172, 173, 174, 177, 178, 179, 180, 181], "summary": {"covered_lines": 104, "num_statements": 104, "percent_covered": 100.0, "percent_covered_display": "100", "missing_lines": 0, "excluded_lines": 0}, "missing_lines": [], "excluded_lines": [], "functions": {"": {"executed_lines": [1, 2, 3, 4, 9, 10, 11, 12, 13, 14, 17, 18, 19, 20, 21, 22, 25, 26, 27, 28, 31, 32, 33, 34, 37, 38, 39, 40, 43, 44, 45, 46, 47, 52, 53, 54, 55, 56, 57, 62, 63, 64, 65, 66, 69, 70, 71, 72, 73, 76, 77, 78, 79, 80, 83, 84, 85, 86, 87, 90, 91, 92, 93, 96, 97, 98, 99, 102, 103, 104, 105, 106, 111, 112, 113, 114, 115, 116, 117, 122, 123, 124, 125, 126, 127, 128, 129, 130, 131, 132, 135, 136, 137, 138, 141, 142, 143, 144, 145, 146, 147, 150, 151, 152, 153, 154, 155, 156, 159, 160, 161, 162, 163, 164, 165, 166, 169, 170, 171, 172, 173, 174, 177, 178, 179, 180, 181], "summary": {"covered_lines": 104, "num_statements": 104, "percent_covered": 100.0, "percent_covered_display": "100", "missing_lines": 0, "excluded_lines": 0}, "missing_lines": [], "excluded_lines": []}}, "classes": {"GraphNode": {"executed_lines": [], "summary": {"covered_lines": 0, "num_statements": 0, "percent_covered": 100.0, "percent_covered_display": "100", "missing_lines": 0, "excluded_lines": 0}, "missing_lines": [], "excluded_lines": []}, "GraphLink": {"executed_lines": [], "summary": {"covered_lines": 0, "num_statements": 0, "percent_covered": 100.0, "percent_covered_display": "100", "missing_lines": 0, "excluded_lines": 0}, "missing_lines": [], "excluded_lines": []}, "GraphData": {"executed_lines": [], "summary": {"covered_lines": 0, "num_statements": 0, "percent_covered": 100.0, "percent_covered_display": "100", "missing_lines": 0, "excluded_lines": 0}, "missing_lines": [], "excluded_lines": []}, "CypherRequest": {"executed_lines": [], "summary": {"covered_lines": 0, "num_statements": 0, "percent_covered": 100.0, "percent_covered_display": "100", "missing_lines": 0, "excluded_lines": 0}, "missing_lines": [], "excluded_lines": []}, "CypherResponse": {"executed_lines": [], "summary": {"covered_lines": 0, "num_statements": 0, "percent_covered": 100.0, "percent_covered_display": "100", "missing_lines": 0, "excluded_lines": 0}, "missing_lines": [], "excluded_lines": []}, "GraphSchemaResponse": {"executed_lines": [], "summary": {"covered_lines": 0, "num_statements": 0, "percent_covered": 100.0, "percent_covered_display": "100", "missing_lines": 0, "excluded_lines": 0}, "missing_lines": [], "excluded_lines": []}, "HealthResponse": {"executed_lines": [], "summary": {"covered_lines": 0, "num_statements": 0, "percent_covered": 100.0, "percent_covered_display": "100", "missing_lines": 0, "excluded_lines": 0}, "missing_lines": [], "excluded_lines": []}, "RetrieveRequest": {"executed_lines": [], "summary": {"covered_lines": 0, "num_statements": 0, "percent_covered": 100.0, "percent_covered_display": "100", "missing_lines": 0, "excluded_lines": 0}, "missing_lines": [], "excluded_lines": []}, "RetrieveChunk": {"executed_lines": [], "summary": {"covered_lines": 0, "num_statements": 0, "percent_covered": 100.0, "percent_covered_display": "100", "missing_lines": 0, "excluded_lines": 0}, "missing_lines": [], "excluded_lines": []}, "RetrieveResponse": {"executed_lines": [], "summary": {"covered_lines": 0, "num_statements": 0, "percent_covered": 100.0, "percent_covered_display": "100", "missing_lines": 0, "excluded_lines": 0}, "missing_lines": [], "excluded_lines": []}, "RerankRequest": {"executed_lines": [], "summary": {"covered_lines": 0, "num_statements": 0, "percent_covered": 100.0, "percent_covered_display": "100", "missing_lines": 0, "excluded_lines": 0}, "missing_lines": [], "excluded_lines": []}, "RerankResponse": {"executed_lines": [], "summary": {"covered_lines": 0, "num_statements": 0, "percent_covered": 100.0, "percent_covered_display": "100", "missing_lines": 0, "excluded_lines": 0}, "missing_lines": [], "excluded_lines": []}, "QueryRequest": {"executed_lines": [], "summary": {"covered_lines": 0, "num_statements": 0, "percent_covered": 100.0, "percent_covered_display": "100", "missing_lines": 0, "excluded_lines": 0}, "missing_lines": [], "excluded_lines": []}, "QueryResponse": {"executed_lines": [], "summary": {"covered_lines": 0, "num_statements": 0, "percent_covered": 100.0, "percent_covered_display": "100", "missing_lines": 0, "excluded_lines": 0}, "missing_lines": [], "excluded_lines": []}, "SSEEventType": {"executed_lines": [], "summary": {"covered_lines": 0, "num_statements": 0, "percent_covered": 100.0, "percent_covered_display": "100", "missing_lines": 0, "excluded_lines": 0}, "missing_lines": [], "excluded_lines": []}, "AnnotationSubmitRequest": {"executed_lines": [], "summary": {"covered_lines": 0, "num_statements": 0, "percent_covered": 100.0, "percent_covered_display": "100", "missing_lines": 0, "excluded_lines": 0}, "missing_lines": [], "excluded_lines": []}, "AnnotationResponse": {"executed_lines": [], "summary": {"covered_lines": 0, "num_statements": 0, "percent_covered": 100.0, "percent_covered_display": "100", "missing_lines": 0, "excluded_lines": 0}, "missing_lines": [], "excluded_lines": []}, "QAMetrics": {"executed_lines": [], "summary": {"covered_lines": 0, "num_statements": 0, "percent_covered": 100.0, "percent_covered_display": "100", "missing_lines": 0, "excluded_lines": 0}, "missing_lines": [], "excluded_lines": []}, "QAAnswer": {"executed_lines": [], "summary": {"covered_lines": 0, "num_statements": 0, "percent_covered": 100.0, "percent_covered_display": "100", "missing_lines": 0, "excluded_lines": 0}, "missing_lines": [], "excluded_lines": []}, "AnnotationTask": {"executed_lines": [], "summary": {"covered_lines": 0, "num_statements": 0, "percent_covered": 100.0, "percent_covered_display": "100", "missing_lines": 0, "excluded_lines": 0}, "missing_lines": [], "excluded_lines": []}, "AnnotatorStats": {"executed_lines": [], "summary": {"covered_lines": 0, "num_statements": 0, "percent_covered": 100.0, "percent_covered_display": "100", "missing_lines": 0, "excluded_lines": 0}, "missing_lines": [], "excluded_lines": []}, "SimpleAnnotationRequest": {"executed_lines": [], "summary": {"covered_lines": 0, "num_statements": 0, "percent_covered": 100.0, "percent_covered_display": "100", "missing_lines": 0, "excluded_lines": 0}, "missing_lines": [], "excluded_lines": []}, "": {"executed_lines": [1, 2, 3, 4, 9, 10, 11, 12, 13, 14, 17, 18, 19, 20, 21, 22, 25, 26, 27, 28, 31, 32, 33, 34, 37, 38, 39, 40, 43, 44, 45, 46, 47, 52, 53, 54, 55, 56, 57, 62, 63, 64, 65, 66, 69, 70, 71, 72, 73, 76, 77, 78, 79, 80, 83, 84, 85, 86, 87, 90, 91, 92, 93, 96, 97, 98, 99, 102, 103, 104, 105, 106, 111, 112, 113, 114, 115, 116, 117, 122, 123, 124, 125, 126, 127, 128, 129, 130, 131, 132, 135, 136, 137, 138, 141, 142, 143, 144, 145, 146, 147, 150, 151, 152, 153, 154, 155, 156, 159, 160, 161, 162, 163, 164, 165, 166, 169, 170, 171, 172, 173, 174, 177, 178, 179, 180, 181], "summary": {"covered_lines": 104, "num_statements": 104, "percent_covered": 100.0, "percent_covered_display": "100", "missing_lines": 0, "excluded_lines": 0}, "missing_lines": [], "excluded_lines": []}}}, "api/services/__init__.py": {"executed_lines": [0], "summary": {"covered_lines": 0, "num_statements": 0, "percent_covered": 100.0, "percent_covered_display": "100", "missing_lines": 0, "excluded_lines": 0}, "missing_lines": [], "excluded_lines": [], "functions": {"": {"executed_lines": [], "summary": {"covered_lines": 0, "num_statements": 0, "percent_covered": 100.0, "percent_covered_display": "100", "missing_lines": 0, "excluded_lines": 0}, "missing_lines": [], "excluded_lines": []}}, "classes": {"": {"executed_lines": [], "summary": {"covered_lines": 0, "num_statements": 0, "percent_covered": 100.0, "percent_covered_display": "100", "missing_lines": 0, "excluded_lines": 0}, "missing_lines": [], "excluded_lines": []}}}, "api/services/annotation.py": {"executed_lines": [1, 2, 3, 4, 5, 8, 9, 11, 62, 77, 124, 171, 174], "summary": {"covered_lines": 11, "num_statements": 45, "percent_covered": 24.444444444444443, "percent_covered_display": "24", "missing_lines": 34, "excluded_lines": 0}, "missing_lines": [25, 26, 28, 46, 60, 70, 83, 86, 96, 98, 99, 100, 101, 103, 122, 126, 129, 133, 134, 137, 142, 143, 144, 145, 147, 150, 155, 156, 157, 160, 162, 177, 178, 179], "excluded_lines": [], "functions": {"AnnotationService.submit_annotation": {"executed_lines": [], "summary": {"covered_lines": 0, "num_statements": 5, "percent_covered": 0.0, "percent_covered_display": "0", "missing_lines": 5, "excluded_lines": 0}, "missing_lines": [25, 26, 28, 46, 60], "excluded_lines": []}, "AnnotationService.submit_simple_annotation": {"executed_lines": [], "summary": {"covered_lines": 0, "num_statements": 1, "percent_covered": 0.0, "percent_covered_display": "0", "missing_lines": 1, "excluded_lines": 0}, "missing_lines": [70], "excluded_lines": []}, "AnnotationService.get_pending_tasks": {"executed_lines": [], "summary": {"covered_lines": 0, "num_statements": 9, "percent_covered": 0.0, "percent_covered_display": "0", "missing_lines": 9, "excluded_lines": 0}, "missing_lines": [83, 86, 96, 98, 99, 100, 101, 103, 122], "excluded_lines": []}, "AnnotationService.get_stats": {"executed_lines": [], "summary": {"covered_lines": 0, "num_statements": 16, "percent_covered": 0.0, "percent_covered_display": "0", "missing_lines": 16, "excluded_lines": 0}, "missing_lines": [126, 129, 133, 134, 137, 142, 143, 144, 145, 147, 150, 155, 156, 157, 160, 162], "excluded_lines": []}, "get_annotation_service": {"executed_lines": [], "summary": {"covered_lines": 0, "num_statements": 3, "percent_covered": 0.0, "percent_covered_display": "0", "missing_lines": 3, "excluded_lines": 0}, "missing_lines": [177, 178, 179], "excluded_lines": []}, "": {"executed_lines": [1, 2, 3, 4, 5, 8, 9, 11, 62, 77, 124, 171, 174], "summary": {"covered_lines": 11, "num_statements": 11, "percent_covered": 100.0, "percent_covered_display": "100", "missing_lines": 0, "excluded_lines": 0}, "missing_lines": [], "excluded_lines": []}}, "classes": {"AnnotationService": {"executed_lines": [], "summary": {"covered_lines": 0, "num_statements": 31, "percent_covered": 0.0, "percent_covered_display": "0", "missing_lines": 31, "excluded_lines": 0}, "missing_lines": [25, 26, 28, 46, 60, 70, 83, 86, 96, 98, 99, 100, 101, 103, 122, 126, 129, 133, 134, 137, 142, 143, 144, 145, 147, 150, 155, 156, 157, 160, 162], "excluded_lines": []}, "": {"executed_lines": [1, 2, 3, 4, 5, 8, 9, 11, 62, 77, 124, 171, 174], "summary": {"covered_lines": 11, "num_statements": 14, "percent_covered": 78.57142857142857, "percent_covered_display": "79", "missing_lines": 3, "excluded_lines": 0}, "missing_lines": [177, 178, 179], "excluded_lines": []}}}, "api/services/auth.py": {"executed_lines": [1, 2, 3, 4, 5, 6, 8, 9, 10, 12, 15, 16, 17, 18, 19, 20, 21, 24, 27, 30, 31, 32, 33, 34, 35, 36, 37, 40, 41, 42, 43, 46, 48, 51, 53, 56, 67, 69, 72, 74, 75, 77, 80, 90, 91, 92, 93, 95, 98, 100, 101, 102, 105, 107, 108, 109, 112, 125, 126, 128, 137, 138, 140, 143, 155, 157, 158, 159, 168, 170, 171, 173, 174, 176, 180, 182, 183, 189, 193], "summary": {"covered_lines": 76, "num_statements": 78, "percent_covered": 97.43589743589743, "percent_covered_display": "97", "missing_lines": 2, "excluded_lines": 0}, "missing_lines": [70, 96], "excluded_lines": [], "functions": {"verify_password": {"executed_lines": [48], "summary": {"covered_lines": 1, "num_statements": 1, "percent_covered": 100.0, "percent_covered_display": "100", "missing_lines": 0, "excluded_lines": 0}, "missing_lines": [], "excluded_lines": []}, "hash_password": {"executed_lines": [53], "summary": {"covered_lines": 1, "num_statements": 1, "percent_covered": 100.0, "percent_covered_display": "100", "missing_lines": 0, "excluded_lines": 0}, "missing_lines": [], "excluded_lines": []}, "create_access_token": {"executed_lines": [67, 69, 72, 74, 75, 77], "summary": {"covered_lines": 6, "num_statements": 7, "percent_covered": 85.71428571428571, "percent_covered_display": "86", "missing_lines": 1, "excluded_lines": 0}, "missing_lines": [70], "excluded_lines": []}, "decode_access_token": {"executed_lines": [90, 91, 92, 93, 95, 98, 100, 101, 102], "summary": {"covered_lines": 9, "num_statements": 10, "percent_covered": 90.0, "percent_covered_display": "90", "missing_lines": 1, "excluded_lines": 0}, "missing_lines": [96], "excluded_lines": []}, "get_user_by_email": {"executed_lines": [107, 108, 109], "summary": {"covered_lines": 3, "num_statements": 3, "percent_covered": 100.0, "percent_covered_display": "100", "missing_lines": 0, "excluded_lines": 0}, "missing_lines": [], "excluded_lines": []}, "create_user": {"executed_lines": [125, 126, 128, 137, 138, 140], "summary": {"covered_lines": 6, "num_statements": 6, "percent_covered": 100.0, "percent_covered_display": "100", "missing_lines": 0, "excluded_lines": 0}, "missing_lines": [], "excluded_lines": []}, "authenticate_user": {"executed_lines": [155, 157, 158, 159, 168, 170, 171, 173, 174, 176], "summary": {"covered_lines": 10, "num_statements": 10, "percent_covered": 100.0, "percent_covered_display": "100", "missing_lines": 0, "excluded_lines": 0}, "missing_lines": [], "excluded_lines": []}, "init_demo_user": {"executed_lines": [182, 183, 189], "summary": {"covered_lines": 3, "num_statements": 3, "percent_covered": 100.0, "percent_covered_display": "100", "missing_lines": 0, "excluded_lines": 0}, "missing_lines": [], "excluded_lines": []}, "": {"executed_lines": [1, 2, 3, 4, 5, 6, 8, 9, 10, 12, 15, 16, 17, 18, 19, 20, 21, 24, 27, 30, 31, 32, 33, 34, 35, 36, 37, 40, 41, 42, 43, 46, 51, 56, 80, 105, 112, 143, 180, 193], "summary": {"covered_lines": 37, "num_statements": 37, "percent_covered": 100.0, "percent_covered_display": "100", "missing_lines": 0, "excluded_lines": 0}, "missing_lines": [], "excluded_lines": []}}, "classes": {"UserInDB": {"executed_lines": [], "summary": {"covered_lines": 0, "num_statements": 0, "percent_covered": 100.0, "percent_covered_display": "100", "missing_lines": 0, "excluded_lines": 0}, "missing_lines": [], "excluded_lines": []}, "TokenData": {"executed_lines": [], "summary": {"covered_lines": 0, "num_statements": 0, "percent_covered": 100.0, "percent_covered_display": "100", "missing_lines": 0, "excluded_lines": 0}, "missing_lines": [], "excluded_lines": []}, "": {"executed_lines": [1, 2, 3, 4, 5, 6, 8, 9, 10, 12, 15, 16, 17, 18, 19, 20, 21, 24, 27, 30, 31, 32, 33, 34, 35, 36, 37, 40, 41, 42, 43, 46, 48, 51, 53, 56, 67, 69, 72, 74, 75, 77, 80, 90, 91, 92, 93, 95, 98, 100, 101, 102, 105, 107, 108, 109, 112, 125, 126, 128, 137, 138, 140, 143, 155, 157, 158, 159, 168, 170, 171, 173, 174, 176, 180, 182, 183, 189, 193], "summary": {"covered_lines": 76, "num_statements": 78, "percent_covered": 97.43589743589743, "percent_covered_display": "97", "missing_lines": 2, "excluded_lines": 0}, "missing_lines": [70, 96], "excluded_lines": []}}}, "api/services/embedding.py": {"executed_lines": [1, 9, 10, 11, 12, 15, 16, 18, 21, 23, 26, 46, 71, 88], "summary": {"covered_lines": 13, "num_statements": 40, "percent_covered": 32.5, "percent_covered_display": "32", "missing_lines": 27, "excluded_lines": 0}, "missing_lines": [30, 31, 32, 33, 34, 35, 36, 37, 38, 39, 40, 41, 43, 56, 57, 58, 59, 60, 62, 63, 66, 67, 68, 81, 82, 84, 90], "excluded_lines": [], "functions": {"get_embedding_model": {"executed_lines": [], "summary": {"covered_lines": 0, "num_statements": 13, "percent_covered": 0.0, "percent_covered_display": "0", "missing_lines": 13, "excluded_lines": 0}, "missing_lines": [30, 31, 32, 33, 34, 35, 36, 37, 38, 39, 40, 41, 43], "excluded_lines": []}, "embed_query": {"executed_lines": [], "summary": {"covered_lines": 0, "num_statements": 10, "percent_covered": 0.0, "percent_covered_display": "0", "missing_lines": 10, "excluded_lines": 0}, "missing_lines": [56, 57, 58, 59, 60, 62, 63, 66, 67, 68], "excluded_lines": []}, "embed_texts": {"executed_lines": [], "summary": {"covered_lines": 0, "num_statements": 3, "percent_covered": 0.0, "percent_covered_display": "0", "missing_lines": 3, "excluded_lines": 0}, "missing_lines": [81, 82, 84], "excluded_lines": []}, "get_embedding_dimension": {"executed_lines": [], "summary": {"covered_lines": 0, "num_statements": 1, "percent_covered": 0.0, "percent_covered_display": "0", "missing_lines": 1, "excluded_lines": 0}, "missing_lines": [90], "excluded_lines": []}, "": {"executed_lines": [1, 9, 10, 11, 12, 15, 16, 18, 21, 23, 26, 46, 71, 88], "summary": {"covered_lines": 13, "num_statements": 13, "percent_covered": 100.0, "percent_covered_display": "100", "missing_lines": 0, "excluded_lines": 0}, "missing_lines": [], "excluded_lines": []}}, "classes": {"": {"executed_lines": [1, 9, 10, 11, 12, 15, 16, 18, 21, 23, 26, 46, 71, 88], "summary": {"covered_lines": 13, "num_statements": 40, "percent_covered": 32.5, "percent_covered_display": "32", "missing_lines": 27, "excluded_lines": 0}, "missing_lines": [30, 31, 32, 33, 34, 35, 36, 37, 38, 39, 40, 41, 43, 56, 57, 58, 59, 60, 62, 63, 66, 67, 68, 81, 82, 84, 90], "excluded_lines": []}}}, "api/services/gemini.py": {"executed_lines": [1, 2, 3, 4, 6, 9, 10, 11, 14, 43, 70, 97, 107, 119, 164], "summary": {"covered_lines": 14, "num_statements": 100, "percent_covered": 14.0, "percent_covered_display": "14", "missing_lines": 86, "excluded_lines": 0}, "missing_lines": [19, 20, 21, 22, 23, 24, 25, 26, 27, 28, 31, 32, 33, 34, 35, 36, 37, 38, 39, 40, 45, 46, 47, 48, 49, 51, 53, 72, 74, 76, 77, 84, 85, 86, 88, 94, 99, 101, 102, 103, 104, 109, 111, 112, 113, 114, 115, 116, 135, 136, 139, 140, 141, 142, 143, 144, 145, 146, 147, 149, 152, 153, 154, 155, 156, 157, 158, 159, 161, 180, 181, 184, 185, 186, 187, 188, 189, 190, 192, 195, 196, 197, 198, 199, 200, 202], "excluded_lines": [], "functions": {"_ensure_configured": {"executed_lines": [], "summary": {"covered_lines": 0, "num_statements": 20, "percent_covered": 0.0, "percent_covered_display": "0", "missing_lines": 20, "excluded_lines": 0}, "missing_lines": [19, 20, 21, 22, 23, 24, 25, 26, 27, 28, 31, 32, 33, 34, 35, 36, 37, 38, 39, 40], "excluded_lines": []}, "_build_prompt": {"executed_lines": [], "summary": {"covered_lines": 0, "num_statements": 7, "percent_covered": 0.0, "percent_covered_display": "0", "missing_lines": 7, "excluded_lines": 0}, "missing_lines": [45, 46, 47, 48, 49, 51, 53], "excluded_lines": []}, "_generate_with_openai": {"executed_lines": [], "summary": {"covered_lines": 0, "num_statements": 9, "percent_covered": 0.0, "percent_covered_display": "0", "missing_lines": 9, "excluded_lines": 0}, "missing_lines": [72, 74, 76, 77, 84, 85, 86, 88, 94], "excluded_lines": []}, "_generate_with_gemini": {"executed_lines": [], "summary": {"covered_lines": 0, "num_statements": 5, "percent_covered": 0.0, "percent_covered_display": "0", "missing_lines": 5, "excluded_lines": 0}, "missing_lines": [99, 101, 102, 103, 104], "excluded_lines": []}, "_generate_with_gemini_streaming": {"executed_lines": [], "summary": {"covered_lines": 0, "num_statements": 7, "percent_covered": 0.0, "percent_covered_display": "0", "missing_lines": 7, "excluded_lines": 0}, "missing_lines": [109, 111, 112, 113, 114, 115, 116], "excluded_lines": []}, "generate_answer_streaming": {"executed_lines": [], "summary": {"covered_lines": 0, "num_statements": 21, "percent_covered": 0.0, "percent_covered_display": "0", "missing_lines": 21, "excluded_lines": 0}, "missing_lines": [135, 136, 139, 140, 141, 142, 143, 144, 145, 146, 147, 149, 152, 153, 154, 155, 156, 157, 158, 159, 161], "excluded_lines": []}, "generate_answer": {"executed_lines": [], "summary": {"covered_lines": 0, "num_statements": 17, "percent_covered": 0.0, "percent_covered_display": "0", "missing_lines": 17, "excluded_lines": 0}, "missing_lines": [180, 181, 184, 185, 186, 187, 188, 189, 190, 192, 195, 196, 197, 198, 199, 200, 202], "excluded_lines": []}, "": {"executed_lines": [1, 2, 3, 4, 6, 9, 10, 11, 14, 43, 70, 97, 107, 119, 164], "summary": {"covered_lines": 14, "num_statements": 14, "percent_covered": 100.0, "percent_covered_display": "100", "missing_lines": 0, "excluded_lines": 0}, "missing_lines": [], "excluded_lines": []}}, "classes": {"": {"executed_lines": [1, 2, 3, 4, 6, 9, 10, 11, 14, 43, 70, 97, 107, 119, 164], "summary": {"covered_lines": 14, "num_statements": 100, "percent_covered": 14.0, "percent_covered_display": "14", "missing_lines": 86, "excluded_lines": 0}, "missing_lines": [19, 20, 21, 22, 23, 24, 25, 26, 27, 28, 31, 32, 33, 34, 35, 36, 37, 38, 39, 40, 45, 46, 47, 48, 49, 51, 53, 72, 74, 76, 77, 84, 85, 86, 88, 94, 99, 101, 102, 103, 104, 109, 111, 112, 113, 114, 115, 116, 135, 136, 139, 140, 141, 142, 143, 144, 145, 146, 147, 149, 152, 153, 154, 155, 156, 157, 158, 159, 161, 180, 181, 184, 185, 186, 187, 188, 189, 190, 192, 195, 196, 197, 198, 199, 200, 202], "excluded_lines": []}}}, "api/services/qa_questions.py": {"executed_lines": [1, 2, 3, 4, 5, 6, 8, 11, 23, 26, 28, 29, 30, 32, 33, 35, 36, 37, 64, 73, 74, 76, 96, 97, 98, 99, 102], "summary": {"covered_lines": 26, "num_statements": 56, "percent_covered": 46.42857142857143, "percent_covered_display": "46", "missing_lines": 30, "excluded_lines": 0}, "missing_lines": [39, 40, 43, 44, 45, 46, 47, 48, 49, 50, 51, 53, 54, 56, 57, 58, 59, 60, 61, 77, 79, 80, 81, 82, 83, 90, 91, 93, 105, 106], "excluded_lines": [], "functions": {"_load_from_google_sheet": {"executed_lines": [28, 29, 30, 32, 33, 35, 36, 37], "summary": {"covered_lines": 8, "num_statements": 27, "percent_covered": 29.62962962962963, "percent_covered_display": "30", "missing_lines": 19, "excluded_lines": 0}, "missing_lines": [39, 40, 43, 44, 45, 46, 47, 48, 49, 50, 51, 53, 54, 56, 57, 58, 59, 60, 61], "excluded_lines": []}, "get_sample_questions": {"executed_lines": [73, 74, 76, 96, 97, 98, 99], "summary": {"covered_lines": 7, "num_statements": 16, "percent_covered": 43.75, "percent_covered_display": "44", "missing_lines": 9, "excluded_lines": 0}, "missing_lines": [77, 79, 80, 81, 82, 83, 90, 91, 93], "excluded_lines": []}, "refresh_questions_cache": {"executed_lines": [], "summary": {"covered_lines": 0, "num_statements": 2, "percent_covered": 0.0, "percent_covered_display": "0", "missing_lines": 2, "excluded_lines": 0}, "missing_lines": [105, 106], "excluded_lines": []}, "": {"executed_lines": [1, 2, 3, 4, 5, 6, 8, 11, 23, 26, 64, 102], "summary": {"covered_lines": 11, "num_statements": 11, "percent_covered": 100.0, "percent_covered_display": "100", "missing_lines": 0, "excluded_lines": 0}, "missing_lines": [], "excluded_lines": []}}, "classes": {"": {"executed_lines": [1, 2, 3, 4, 5, 6, 8, 11, 23, 26, 28, 29, 30, 32, 33, 35, 36, 37, 64, 73, 74, 76, 96, 97, 98, 99, 102], "summary": {"covered_lines": 26, "num_statements": 56, "percent_covered": 46.42857142857143, "percent_covered_display": "46", "missing_lines": 30, "excluded_lines": 0}, "missing_lines": [39, 40, 43, 44, 45, 46, 47, 48, 49, 50, 51, 53, 54, 56, 57, 58, 59, 60, 61, 77, 79, 80, 81, 82, 83, 90, 91, 93, 105, 106], "excluded_lines": []}}}, "api/services/rag_agent.py": {"executed_lines": [1, 2, 3, 4, 6, 7, 8, 9, 10, 12, 15, 16, 29, 33, 141, 190, 239, 245, 248], "summary": {"covered_lines": 17, "num_statements": 74, "percent_covered": 22.972972972972972, "percent_covered_display": "23", "missing_lines": 57, "excluded_lines": 0}, "missing_lines": [31, 49, 52, 54, 55, 60, 61, 63, 70, 71, 72, 76, 77, 80, 82, 83, 88, 90, 97, 98, 100, 101, 102, 110, 113, 114, 115, 116, 117, 119, 120, 121, 122, 125, 134, 139, 147, 150, 157, 164, 165, 166, 167, 168, 171, 180, 222, 223, 224, 225, 226, 228, 231, 241, 251, 252, 253], "excluded_lines": [], "functions": {"RAGAgent.__init__": {"executed_lines": [], "summary": {"covered_lines": 0, "num_statements": 1, "percent_covered": 0.0, "percent_covered_display": "0", "missing_lines": 1, "excluded_lines": 0}, "missing_lines": [31], "excluded_lines": []}, "RAGAgent.query": {"executed_lines": [], "summary": {"covered_lines": 0, "num_statements": 35, "percent_covered": 0.0, "percent_covered_display": "0", "missing_lines": 35, "excluded_lines": 0}, "missing_lines": [49, 52, 54, 55, 60, 61, 63, 70, 71, 72, 76, 77, 80, 82, 83, 88, 90, 97, 98, 100, 101, 102, 110, 113, 114, 115, 116, 117, 119, 120, 121, 122, 125, 134, 139], "excluded_lines": []}, "RAGAgent.query_non_streaming": {"executed_lines": [], "summary": {"covered_lines": 0, "num_statements": 10, "percent_covered": 0.0, "percent_covered_display": "0", "missing_lines": 10, "excluded_lines": 0}, "missing_lines": [147, 150, 157, 164, 165, 166, 167, 168, 171, 180], "excluded_lines": []}, "RAGAgent._generate_answer_stub": {"executed_lines": [], "summary": {"covered_lines": 0, "num_statements": 7, "percent_covered": 0.0, "percent_covered_display": "0", "missing_lines": 7, "excluded_lines": 0}, "missing_lines": [222, 223, 224, 225, 226, 228, 231], "excluded_lines": []}, "RAGAgent._sse_event": {"executed_lines": [], "summary": {"covered_lines": 0, "num_statements": 1, "percent_covered": 0.0, "percent_covered_display": "0", "missing_lines": 1, "excluded_lines": 0}, "missing_lines": [241], "excluded_lines": []}, "get_rag_agent": {"executed_lines": [], "summary": {"covered_lines": 0, "num_statements": 3, "percent_covered": 0.0, "percent_covered_display": "0", "missing_lines": 3, "excluded_lines": 0}, "missing_lines": [251, 252, 253], "excluded_lines": []}, "": {"executed_lines": [1, 2, 3, 4, 6, 7, 8, 9, 10, 12, 15, 16, 29, 33, 141, 190, 239, 245, 248], "summary": {"covered_lines": 17, "num_statements": 17, "percent_covered": 100.0, "percent_covered_display": "100", "missing_lines": 0, "excluded_lines": 0}, "missing_lines": [], "excluded_lines": []}}, "classes": {"RAGAgent": {"executed_lines": [], "summary": {"covered_lines": 0, "num_statements": 54, "percent_covered": 0.0, "percent_covered_display": "0", "missing_lines": 54, "excluded_lines": 0}, "missing_lines": [31, 49, 52, 54, 55, 60, 61, 63, 70, 71, 72, 76, 77, 80, 82, 83, 88, 90, 97, 98, 100, 101, 102, 110, 113, 114, 115, 116, 117, 119, 120, 121, 122, 125, 134, 139, 147, 150, 157, 164, 165, 166, 167, 168, 171, 180, 222, 223, 224, 225, 226, 228, 231, 241], "excluded_lines": []}, "": {"executed_lines": [1, 2, 3, 4, 6, 7, 8, 9, 10, 12, 15, 16, 29, 33, 141, 190, 239, 245, 248], "summary": {"covered_lines": 17, "num_statements": 20, "percent_covered": 85.0, "percent_covered_display": "85", "missing_lines": 3, "excluded_lines": 0}, "missing_lines": [251, 252, 253], "excluded_lines": []}}}, "api/services/rag_schemas.py": {"executed_lines": [1, 2, 3, 4, 7, 8, 9, 10, 11, 12, 15, 16, 17, 18, 19, 22, 23, 24, 25, 26, 29, 30, 31, 32, 33, 36, 37, 38, 39, 42, 43, 44, 45, 48, 49, 50, 51, 54, 55, 56, 57, 58, 59, 60, 61, 62, 66, 94, 96], "summary": {"covered_lines": 40, "num_statements": 40, "percent_covered": 100.0, "percent_covered_display": "100", "missing_lines": 0, "excluded_lines": 0}, "missing_lines": [], "excluded_lines": [], "functions": {"get_tool_descriptions": {"executed_lines": [96], "summary": {"covered_lines": 1, "num_statements": 1, "percent_covered": 100.0, "percent_covered_display": "100", "missing_lines": 0, "excluded_lines": 0}, "missing_lines": [], "excluded_lines": []}, "": {"executed_lines": [1, 2, 3, 4, 7, 8, 9, 10, 11, 12, 15, 16, 17, 18, 19, 22, 23, 24, 25, 26, 29, 30, 31, 32, 33, 36, 37, 38, 39, 42, 43, 44, 45, 48, 49, 50, 51, 54, 55, 56, 57, 58, 59, 60, 61, 62, 66, 94], "summary": {"covered_lines": 39, "num_statements": 39, "percent_covered": 100.0, "percent_covered_display": "100", "missing_lines": 0, "excluded_lines": 0}, "missing_lines": [], "excluded_lines": []}}, "classes": {"ToolName": {"executed_lines": [], "summary": {"covered_lines": 0, "num_statements": 0, "percent_covered": 100.0, "percent_covered_display": "100", "missing_lines": 0, "excluded_lines": 0}, "missing_lines": [], "excluded_lines": []}, "RetrieveInput": {"executed_lines": [], "summary": {"covered_lines": 0, "num_statements": 0, "percent_covered": 100.0, "percent_covered_display": "100", "missing_lines": 0, "excluded_lines": 0}, "missing_lines": [], "excluded_lines": []}, "RetrieveOutput": {"executed_lines": [], "summary": {"covered_lines": 0, "num_statements": 0, "percent_covered": 100.0, "percent_covered_display": "100", "missing_lines": 0, "excluded_lines": 0}, "missing_lines": [], "excluded_lines": []}, "RerankInput": {"executed_lines": [], "summary": {"covered_lines": 0, "num_statements": 0, "percent_covered": 100.0, "percent_covered_display": "100", "missing_lines": 0, "excluded_lines": 0}, "missing_lines": [], "excluded_lines": []}, "RerankOutput": {"executed_lines": [], "summary": {"covered_lines": 0, "num_statements": 0, "percent_covered": 100.0, "percent_covered_display": "100", "missing_lines": 0, "excluded_lines": 0}, "missing_lines": [], "excluded_lines": []}, "GenerateInput": {"executed_lines": [], "summary": {"covered_lines": 0, "num_statements": 0, "percent_covered": 100.0, "percent_covered_display": "100", "missing_lines": 0, "excluded_lines": 0}, "missing_lines": [], "excluded_lines": []}, "GenerateOutput": {"executed_lines": [], "summary": {"covered_lines": 0, "num_statements": 0, "percent_covered": 100.0, "percent_covered_display": "100", "missing_lines": 0, "excluded_lines": 0}, "missing_lines": [], "excluded_lines": []}, "GraphRetrieveOutput": {"executed_lines": [], "summary": {"covered_lines": 0, "num_statements": 0, "percent_covered": 100.0, "percent_covered_display": "100", "missing_lines": 0, "excluded_lines": 0}, "missing_lines": [], "excluded_lines": []}, "": {"executed_lines": [1, 2, 3, 4, 7, 8, 9, 10, 11, 12, 15, 16, 17, 18, 19, 22, 23, 24, 25, 26, 29, 30, 31, 32, 33, 36, 37, 38, 39, 42, 43, 44, 45, 48, 49, 50, 51, 54, 55, 56, 57, 58, 59, 60, 61, 62, 66, 94, 96], "summary": {"covered_lines": 40, "num_statements": 40, "percent_covered": 100.0, "percent_covered_display": "100", "missing_lines": 0, "excluded_lines": 0}, "missing_lines": [], "excluded_lines": []}}}, "api/services/reranker.py": {"executed_lines": [1, 2, 3, 5, 8, 11, 12, 24, 26, 27, 29, 31, 32, 33, 34, 35, 36, 44, 61, 62, 64, 67, 70, 71, 74, 75, 76, 77, 78, 82, 86, 89, 91, 92, 94, 102, 105, 106, 107, 110, 126, 127], "summary": {"covered_lines": 40, "num_statements": 52, "percent_covered": 76.92307692307692, "percent_covered_display": "77", "missing_lines": 12, "excluded_lines": 0}, "missing_lines": [37, 38, 39, 40, 41, 42, 68, 80, 83, 96, 97, 99], "excluded_lines": [], "functions": {"BGEReranker.__init__": {"executed_lines": [26, 27], "summary": {"covered_lines": 2, "num_statements": 2, "percent_covered": 100.0, "percent_covered_display": "100", "missing_lines": 0, "excluded_lines": 0}, "missing_lines": [], "excluded_lines": []}, "BGEReranker._load_model": {"executed_lines": [31, 32, 33, 34, 35, 36], "summary": {"covered_lines": 6, "num_statements": 12, "percent_covered": 50.0, "percent_covered_display": "50", "missing_lines": 6, "excluded_lines": 0}, "missing_lines": [37, 38, 39, 40, 41, 42], "excluded_lines": []}, "BGEReranker.rerank": {"executed_lines": [61, 62, 64, 67, 70, 71, 74, 75, 76, 77, 78, 82, 86, 89, 91, 92, 94], "summary": {"covered_lines": 17, "num_statements": 23, "percent_covered": 73.91304347826087, "percent_covered_display": "74", "missing_lines": 6, "excluded_lines": 0}, "missing_lines": [68, 80, 83, 96, 97, 99], "excluded_lines": []}, "get_reranker": {"executed_lines": [105, 106, 107], "summary": {"covered_lines": 3, "num_statements": 3, "percent_covered": 100.0, "percent_covered_display": "100", "missing_lines": 0, "excluded_lines": 0}, "missing_lines": [], "excluded_lines": []}, "rerank_chunks": {"executed_lines": [126, 127], "summary": {"covered_lines": 2, "num_statements": 2, "percent_covered": 100.0, "percent_covered_display": "100", "missing_lines": 0, "excluded_lines": 0}, "missing_lines": [], "excluded_lines": []}, "": {"executed_lines": [1, 2, 3, 5, 8, 11, 12, 24, 29, 44, 102, 110], "summary": {"covered_lines": 10, "num_statements": 10, "percent_covered": 100.0, "percent_covered_display": "100", "missing_lines": 0, "excluded_lines": 0}, "missing_lines": [], "excluded_lines": []}}, "classes": {"BGEReranker": {"executed_lines": [26, 27, 31, 32, 33, 34, 35, 36, 61, 62, 64, 67, 70, 71, 74, 75, 76, 77, 78, 82, 86, 89, 91, 92, 94], "summary": {"covered_lines": 25, "num_statements": 37, "percent_covered": 67.56756756756756, "percent_covered_display": "68", "missing_lines": 12, "excluded_lines": 0}, "missing_lines": [37, 38, 39, 40, 41, 42, 68, 80, 83, 96, 97, 99], "excluded_lines": []}, "": {"executed_lines": [1, 2, 3, 5, 8, 11, 12, 24, 29, 44, 102, 105, 106, 107, 110, 126, 127], "summary": {"covered_lines": 15, "num_statements": 15, "percent_covered": 100.0, "percent_covered_display": "100", "missing_lines": 0, "excluded_lines": 0}, "missing_lines": [], "excluded_lines": []}}}, "api/services/tools.py": {"executed_lines": [1, 7, 8, 10, 11, 12, 19, 22, 23, 24, 25, 28, 38, 52, 86, 140, 200, 248], "summary": {"covered_lines": 17, "num_statements": 66, "percent_covered": 25.757575757575758, "percent_covered_display": "26", "missing_lines": 49, "excluded_lines": 0}, "missing_lines": [49, 58, 60, 74, 75, 76, 77, 78, 79, 80, 81, 82, 83, 103, 104, 105, 108, 109, 110, 111, 112, 113, 114, 117, 118, 119, 121, 122, 124, 125, 126, 127, 128, 129, 142, 202, 254, 255, 256, 257, 259, 260, 267, 268, 269, 272, 273, 279, 280], "excluded_lines": [], "functions": {"retrieve_from_database": {"executed_lines": [], "summary": {"covered_lines": 0, "num_statements": 1, "percent_covered": 0.0, "percent_covered_display": "0", "missing_lines": 1, "excluded_lines": 0}, "missing_lines": [49], "excluded_lines": []}, "_retrieve_word_match": {"executed_lines": [], "summary": {"covered_lines": 0, "num_statements": 12, "percent_covered": 0.0, "percent_covered_display": "0", "missing_lines": 12, "excluded_lines": 0}, "missing_lines": [58, 60, 74, 75, 76, 77, 78, 79, 80, 81, 82, 83], "excluded_lines": []}, "retrieve_with_graph_context": {"executed_lines": [], "summary": {"covered_lines": 0, "num_statements": 21, "percent_covered": 0.0, "percent_covered_display": "0", "missing_lines": 21, "excluded_lines": 0}, "missing_lines": [103, 104, 105, 108, 109, 110, 111, 112, 113, 114, 117, 118, 119, 121, 122, 124, 125, 126, 127, 128, 129], "excluded_lines": []}, "_build_graph_query_with_embedding": {"executed_lines": [], "summary": {"covered_lines": 0, "num_statements": 1, "percent_covered": 0.0, "percent_covered_display": "0", "missing_lines": 1, "excluded_lines": 0}, "missing_lines": [142], "excluded_lines": []}, "_build_graph_query_word_only": {"executed_lines": [], "summary": {"covered_lines": 0, "num_statements": 1, "percent_covered": 0.0, "percent_covered_display": "0", "missing_lines": 1, "excluded_lines": 0}, "missing_lines": [202], "excluded_lines": []}, "_process_graph_results": {"executed_lines": [], "summary": {"covered_lines": 0, "num_statements": 13, "percent_covered": 0.0, "percent_covered_display": "0", "missing_lines": 13, "excluded_lines": 0}, "missing_lines": [254, 255, 256, 257, 259, 260, 267, 268, 269, 272, 273, 279, 280], "excluded_lines": []}, "": {"executed_lines": [1, 7, 8, 10, 11, 12, 19, 22, 23, 24, 25, 28, 38, 52, 86, 140, 200, 248], "summary": {"covered_lines": 17, "num_statements": 17, "percent_covered": 100.0, "percent_covered_display": "100", "missing_lines": 0, "excluded_lines": 0}, "missing_lines": [], "excluded_lines": []}}, "classes": {"": {"executed_lines": [1, 7, 8, 10, 11, 12, 19, 22, 23, 24, 25, 28, 38, 52, 86, 140, 200, 248], "summary": {"covered_lines": 17, "num_statements": 66, "percent_covered": 25.757575757575758, "percent_covered_display": "26", "missing_lines": 49, "excluded_lines": 0}, "missing_lines": [49, 58, 60, 74, 75, 76, 77, 78, 79, 80, 81, 82, 83, 103, 104, 105, 108, 109, 110, 111, 112, 113, 114, 117, 118, 119, 121, 122, 124, 125, 126, 127, 128, 129, 142, 202, 254, 255, 256, 257, 259, 260, 267, 268, 269, 272, 273, 279, 280], "excluded_lines": []}}}, "api/tests/__init__.py": {"executed_lines": [1], "summary": {"covered_lines": 0, "num_statements": 0, "percent_covered": 100.0, "percent_covered_display": "100", "missing_lines": 0, "excluded_lines": 0}, "missing_lines": [], "excluded_lines": [], "functions": {"": {"executed_lines": [1], "summary": {"covered_lines": 0, "num_statements": 0, "percent_covered": 100.0, "percent_covered_display": "100", "missing_lines": 0, "excluded_lines": 0}, "missing_lines": [], "excluded_lines": []}}, "classes": {"": {"executed_lines": [1], "summary": {"covered_lines": 0, "num_statements": 0, "percent_covered": 100.0, "percent_covered_display": "100", "missing_lines": 0, "excluded_lines": 0}, "missing_lines": [], "excluded_lines": []}}}, "api/tests/conftest.py": {"executed_lines": [1, 2, 3, 4, 6, 7, 8, 14, 19, 20, 22, 23, 28, 31, 34, 44, 47, 58, 68, 69, 71, 74, 75, 84, 87, 88, 90, 91, 94, 95, 96, 101, 102, 104, 108, 109, 114, 115, 117, 127, 128, 133, 134, 136, 142, 145, 146, 148, 151, 154, 155, 157, 162, 163, 165, 176, 177, 179, 180, 181, 182], "summary": {"covered_lines": 59, "num_statements": 71, "percent_covered": 83.09859154929578, "percent_covered_display": "83", "missing_lines": 12, "excluded_lines": 0}, "missing_lines": [29, 32, 36, 37, 39, 45, 48, 59, 106, 123, 124, 125], "excluded_lines": [], "functions": {"MockNeo4jClient.__init__": {"executed_lines": [23], "summary": {"covered_lines": 1, "num_statements": 1, "percent_covered": 100.0, "percent_covered_display": "100", "missing_lines": 0, "excluded_lines": 0}, "missing_lines": [], "excluded_lines": []}, "MockNeo4jClient.verify_connectivity": {"executed_lines": [], "summary": {"covered_lines": 0, "num_statements": 1, "percent_covered": 0.0, "percent_covered_display": "0", "missing_lines": 1, "excluded_lines": 0}, "missing_lines": [29], "excluded_lines": []}, "MockNeo4jClient.close": {"executed_lines": [], "summary": {"covered_lines": 0, "num_statements": 1, "percent_covered": 0.0, "percent_covered_display": "0", "missing_lines": 1, "excluded_lines": 0}, "missing_lines": [32], "excluded_lines": []}, "MockNeo4jClient.execute_query": {"executed_lines": [], "summary": {"covered_lines": 0, "num_statements": 3, "percent_covered": 0.0, "percent_covered_display": "0", "missing_lines": 3, "excluded_lines": 0}, "missing_lines": [36, 37, 39], "excluded_lines": []}, "MockNeo4jClient.get_node_count": {"executed_lines": [], "summary": {"covered_lines": 0, "num_statements": 1, "percent_covered": 0.0, "percent_covered_display": "0", "missing_lines": 1, "excluded_lines": 0}, "missing_lines": [45], "excluded_lines": []}, "MockNeo4jClient.get_test_rel_2_graph": {"executed_lines": [], "summary": {"covered_lines": 0, "num_statements": 1, "percent_covered": 0.0, "percent_covered_display": "0", "missing_lines": 1, "excluded_lines": 0}, "missing_lines": [48], "excluded_lines": []}, "MockNeo4jClient.get_graph_schema": {"executed_lines": [], "summary": {"covered_lines": 0, "num_statements": 1, "percent_covered": 0.0, "percent_covered_display": "0", "missing_lines": 1, "excluded_lines": 0}, "missing_lines": [59], "excluded_lines": []}, "mock_neo4j_client": {"executed_lines": [71], "summary": {"covered_lines": 1, "num_statements": 1, "percent_covered": 100.0, "percent_covered_display": "100", "missing_lines": 0, "excluded_lines": 0}, "missing_lines": [], "excluded_lines": []}, "client": {"executed_lines": [84, 87, 88, 90, 91, 94, 95, 96], "summary": {"covered_lines": 8, "num_statements": 8, "percent_covered": 100.0, "percent_covered_display": "100", "missing_lines": 0, "excluded_lines": 0}, "missing_lines": [], "excluded_lines": []}, "mock_embed_query": {"executed_lines": [104, 108, 109], "summary": {"covered_lines": 3, "num_statements": 3, "percent_covered": 100.0, "percent_covered_display": "100", "missing_lines": 0, "excluded_lines": 0}, "missing_lines": [], "excluded_lines": []}, "mock_embed_query._mock_embed": {"executed_lines": [], "summary": {"covered_lines": 0, "num_statements": 1, "percent_covered": 0.0, "percent_covered_display": "0", "missing_lines": 1, "excluded_lines": 0}, "missing_lines": [106], "excluded_lines": []}, "mock_reranker": {"executed_lines": [117, 127, 128], "summary": {"covered_lines": 3, "num_statements": 3, "percent_covered": 100.0, "percent_covered_display": "100", "missing_lines": 0, "excluded_lines": 0}, "missing_lines": [], "excluded_lines": []}, "mock_reranker._mock_rerank": {"executed_lines": [], "summary": {"covered_lines": 0, "num_statements": 3, "percent_covered": 0.0, "percent_covered_display": "0", "missing_lines": 3, "excluded_lines": 0}, "missing_lines": [123, 124, 125], "excluded_lines": []}, "test_user": {"executed_lines": [136, 142], "summary": {"covered_lines": 2, "num_statements": 2, "percent_covered": 100.0, "percent_covered_display": "100", "missing_lines": 0, "excluded_lines": 0}, "missing_lines": [], "excluded_lines": []}, "auth_token": {"executed_lines": [148, 151], "summary": {"covered_lines": 2, "num_statements": 2, "percent_covered": 100.0, "percent_covered_display": "100", "missing_lines": 0, "excluded_lines": 0}, "missing_lines": [], "excluded_lines": []}, "auth_headers": {"executed_lines": [157], "summary": {"covered_lines": 1, "num_statements": 1, "percent_covered": 100.0, "percent_covered_display": "100", "missing_lines": 0, "excluded_lines": 0}, "missing_lines": [], "excluded_lines": []}, "sample_document": {"executed_lines": [165], "summary": {"covered_lines": 1, "num_statements": 1, "percent_covered": 100.0, "percent_covered_display": "100", "missing_lines": 0, "excluded_lines": 0}, "missing_lines": [], "excluded_lines": []}, "populated_documents_db": {"executed_lines": [179, 180, 181, 182], "summary": {"covered_lines": 4, "num_statements": 4, "percent_covered": 100.0, "percent_covered_display": "100", "missing_lines": 0, "excluded_lines": 0}, "missing_lines": [], "excluded_lines": []}, "": {"executed_lines": [1, 2, 3, 4, 6, 7, 8, 14, 19, 20, 22, 28, 31, 34, 44, 47, 58, 68, 69, 74, 75, 101, 102, 114, 115, 133, 134, 145, 146, 154, 155, 162, 163, 176, 177], "summary": {"covered_lines": 33, "num_statements": 33, "percent_covered": 100.0, "percent_covered_display": "100", "missing_lines": 0, "excluded_lines": 0}, "missing_lines": [], "excluded_lines": []}}, "classes": {"MockNeo4jClient": {"executed_lines": [23], "summary": {"covered_lines": 1, "num_statements": 9, "percent_covered": 11.11111111111111, "percent_covered_display": "11", "missing_lines": 8, "excluded_lines": 0}, "missing_lines": [29, 32, 36, 37, 39, 45, 48, 59], "excluded_lines": []}, "": {"executed_lines": [1, 2, 3, 4, 6, 7, 8, 14, 19, 20, 22, 28, 31, 34, 44, 47, 58, 68, 69, 71, 74, 75, 84, 87, 88, 90, 91, 94, 95, 96, 101, 102, 104, 108, 109, 114, 115, 117, 127, 128, 133, 134, 136, 142, 145, 146, 148, 151, 154, 155, 157, 162, 163, 165, 176, 177, 179, 180, 181, 182], "summary": {"covered_lines": 58, "num_statements": 62, "percent_covered": 93.54838709677419, "percent_covered_display": "94", "missing_lines": 4, "excluded_lines": 0}, "missing_lines": [106, 123, 124, 125], "excluded_lines": []}}}, "api/tests/test_auth.py": {"executed_lines": [1, 2, 3, 6, 7, 9, 11, 17, 18, 19, 20, 21, 22, 23, 25, 27, 33, 35, 37, 43, 45, 47, 53, 56, 57, 59, 61, 66, 67, 68, 69, 71, 73, 78, 80, 82, 87, 89, 91, 96, 97, 98, 99, 102, 103, 105, 107, 109, 110, 111, 112, 114, 116, 118, 119, 121, 123, 127, 129, 131, 135, 138, 139, 141, 143, 145, 146], "summary": {"covered_lines": 62, "num_statements": 62, "percent_covered": 100.0, "percent_covered_display": "100", "missing_lines": 0, "excluded_lines": 0}, "missing_lines": [], "excluded_lines": [], "functions": {"TestRegister.test_register_user": {"executed_lines": [11, 17, 18, 19, 20, 21, 22, 23], "summary": {"covered_lines": 8, "num_statements": 8, "percent_covered": 100.0, "percent_covered_display": "100", "missing_lines": 0, "excluded_lines": 0}, "missing_lines": [], "excluded_lines": []}, "TestRegister.test_register_duplicate_email": {"executed_lines": [27, 33], "summary": {"covered_lines": 2, "num_statements": 2, "percent_covered": 100.0, "percent_covered_display": "100", "missing_lines": 0, "excluded_lines": 0}, "missing_lines": [], "excluded_lines": []}, "TestRegister.test_register_weak_password": {"executed_lines": [37, 43], "summary": {"covered_lines": 2, "num_statements": 2, "percent_covered": 100.0, "percent_covered_display": "100", "missing_lines": 0, "excluded_lines": 0}, "missing_lines": [], "excluded_lines": []}, "TestRegister.test_register_invalid_email": {"executed_lines": [47, 53], "summary": {"covered_lines": 2, "num_statements": 2, "percent_covered": 100.0, "percent_covered_display": "100", "missing_lines": 0, "excluded_lines": 0}, "missing_lines": [], "excluded_lines": []}, "TestLogin.test_login_success": {"executed_lines": [61, 66, 67, 68, 69], "summary": {"covered_lines": 5, "num_statements": 5, "percent_covered": 100.0, "percent_covered_display": "100", "missing_lines": 0, "excluded_lines": 0}, "missing_lines": [], "excluded_lines": []}, "TestLogin.test_login_invalid_credentials": {"executed_lines": [73, 78], "summary": {"covered_lines": 2, "num_statements": 2, "percent_covered": 100.0, "percent_covered_display": "100", "missing_lines": 0, "excluded_lines": 0}, "missing_lines": [], "excluded_lines": []}, "TestLogin.test_login_nonexistent_user": {"executed_lines": [82, 87], "summary": {"covered_lines": 2, "num_statements": 2, "percent_covered": 100.0, "percent_covered_display": "100", "missing_lines": 0, "excluded_lines": 0}, "missing_lines": [], "excluded_lines": []}, "TestLogin.test_login_demo_mode": {"executed_lines": [91, 96, 97, 98, 99], "summary": {"covered_lines": 5, "num_statements": 5, "percent_covered": 100.0, "percent_covered_display": "100", "missing_lines": 0, "excluded_lines": 0}, "missing_lines": [], "excluded_lines": []}, "TestGetCurrentUser.test_get_current_user_authenticated": {"executed_lines": [107, 109, 110, 111, 112], "summary": {"covered_lines": 5, "num_statements": 5, "percent_covered": 100.0, "percent_covered_display": "100", "missing_lines": 0, "excluded_lines": 0}, "missing_lines": [], "excluded_lines": []}, "TestGetCurrentUser.test_get_current_user_unauthenticated": {"executed_lines": [116, 118, 119], "summary": {"covered_lines": 3, "num_statements": 3, "percent_covered": 100.0, "percent_covered_display": "100", "missing_lines": 0, "excluded_lines": 0}, "missing_lines": [], "excluded_lines": []}, "TestGetCurrentUser.test_get_current_user_invalid_token": {"executed_lines": [123, 127], "summary": {"covered_lines": 2, "num_statements": 2, "percent_covered": 100.0, "percent_covered_display": "100", "missing_lines": 0, "excluded_lines": 0}, "missing_lines": [], "excluded_lines": []}, "TestGetCurrentUser.test_get_current_user_no_bearer_prefix": {"executed_lines": [131, 135], "summary": {"covered_lines": 2, "num_statements": 2, "percent_covered": 100.0, "percent_covered_display": "100", "missing_lines": 0, "excluded_lines": 0}, "missing_lines": [], "excluded_lines": []}, "TestLogout.test_logout": {"executed_lines": [143, 145, 146], "summary": {"covered_lines": 3, "num_statements": 3, "percent_covered": 100.0, "percent_covered_display": "100", "missing_lines": 0, "excluded_lines": 0}, "missing_lines": [], "excluded_lines": []}, "": {"executed_lines": [1, 2, 3, 6, 7, 9, 25, 35, 45, 56, 57, 59, 71, 80, 89, 102, 103, 105, 114, 121, 129, 138, 139, 141], "summary": {"covered_lines": 19, "num_statements": 19, "percent_covered": 100.0, "percent_covered_display": "100", "missing_lines": 0, "excluded_lines": 0}, "missing_lines": [], "excluded_lines": []}}, "classes": {"TestRegister": {"executed_lines": [11, 17, 18, 19, 20, 21, 22, 23, 27, 33, 37, 43, 47, 53], "summary": {"covered_lines": 14, "num_statements": 14, "percent_covered": 100.0, "percent_covered_display": "100", "missing_lines": 0, "excluded_lines": 0}, "missing_lines": [], "excluded_lines": []}, "TestLogin": {"executed_lines": [61, 66, 67, 68, 69, 73, 78, 82, 87, 91, 96, 97, 98, 99], "summary": {"covered_lines": 14, "num_statements": 14, "percent_covered": 100.0, "percent_covered_display": "100", "missing_lines": 0, "excluded_lines": 0}, "missing_lines": [], "excluded_lines": []}, "TestGetCurrentUser": {"executed_lines": [107, 109, 110, 111, 112, 116, 118, 119, 123, 127, 131, 135], "summary": {"covered_lines": 12, "num_statements": 12, "percent_covered": 100.0, "percent_covered_display": "100", "missing_lines": 0, "excluded_lines": 0}, "missing_lines": [], "excluded_lines": []}, "TestLogout": {"executed_lines": [143, 145, 146], "summary": {"covered_lines": 3, "num_statements": 3, "percent_covered": 100.0, "percent_covered_display": "100", "missing_lines": 0, "excluded_lines": 0}, "missing_lines": [], "excluded_lines": []}, "": {"executed_lines": [1, 2, 3, 6, 7, 9, 25, 35, 45, 56, 57, 59, 71, 80, 89, 102, 103, 105, 114, 121, 129, 138, 139, 141], "summary": {"covered_lines": 19, "num_statements": 19, "percent_covered": 100.0, "percent_covered_display": "100", "missing_lines": 0, "excluded_lines": 0}, "missing_lines": [], "excluded_lines": []}}}, "api/tests/test_documents.py": {"executed_lines": [1, 2, 3, 4, 5, 8, 9, 11, 13, 15, 16, 18, 20, 22, 23, 24, 25, 26, 28, 31, 35, 40, 42, 43, 44, 45, 47, 50, 51, 56, 58, 59, 62, 63, 65, 68, 69, 71, 73, 74, 75, 76, 77, 78, 79, 81, 83, 84, 86, 88, 89, 91, 93, 94, 96, 98, 100, 102, 107, 109, 110, 112, 114, 115, 117, 119, 120, 123, 124, 126, 128, 130, 131, 132, 133, 135, 137, 139, 140, 143, 144, 146, 148, 150, 151, 152, 153, 156, 158, 160, 162, 165, 166, 168, 171, 172, 177, 179, 180, 181, 182, 185, 187, 189, 194, 196, 197, 198, 199, 202, 203, 205, 207, 209, 210, 211, 212, 215, 216, 218, 220, 222], "summary": {"covered_lines": 115, "num_statements": 115, "percent_covered": 100.0, "percent_covered_display": "100", "missing_lines": 0, "excluded_lines": 0}, "missing_lines": [], "excluded_lines": [], "functions": {"TestListDocuments.test_list_documents_empty": {"executed_lines": [13, 15, 16], "summary": {"covered_lines": 3, "num_statements": 3, "percent_covered": 100.0, "percent_covered_display": "100", "missing_lines": 0, "excluded_lines": 0}, "missing_lines": [], "excluded_lines": []}, "TestListDocuments.test_list_documents_with_data": {"executed_lines": [20, 22, 23, 24, 25, 26], "summary": {"covered_lines": 6, "num_statements": 6, "percent_covered": 100.0, "percent_covered_display": "100", "missing_lines": 0, "excluded_lines": 0}, "missing_lines": [], "excluded_lines": []}, "TestListDocuments.test_list_documents_filter_by_status": {"executed_lines": [31, 35, 40, 42, 43, 44, 45], "summary": {"covered_lines": 7, "num_statements": 7, "percent_covered": 100.0, "percent_covered_display": "100", "missing_lines": 0, "excluded_lines": 0}, "missing_lines": [], "excluded_lines": []}, "TestListDocuments.test_list_documents_with_limit": {"executed_lines": [50, 51, 56, 58, 59], "summary": {"covered_lines": 5, "num_statements": 5, "percent_covered": 100.0, "percent_covered_display": "100", "missing_lines": 0, "excluded_lines": 0}, "missing_lines": [], "excluded_lines": []}, "TestUploadDocument.test_upload_document_pdf": {"executed_lines": [68, 69, 71, 73, 74, 75, 76, 77, 78, 79], "summary": {"covered_lines": 10, "num_statements": 10, "percent_covered": 100.0, "percent_covered_display": "100", "missing_lines": 0, "excluded_lines": 0}, "missing_lines": [], "excluded_lines": []}, "TestUploadDocument.test_upload_document_txt": {"executed_lines": [83, 84, 86, 88, 89], "summary": {"covered_lines": 5, "num_statements": 5, "percent_covered": 100.0, "percent_covered_display": "100", "missing_lines": 0, "excluded_lines": 0}, "missing_lines": [], "excluded_lines": []}, "TestUploadDocument.test_upload_document_docx": {"executed_lines": [93, 94, 96, 98], "summary": {"covered_lines": 4, "num_statements": 4, "percent_covered": 100.0, "percent_covered_display": "100", "missing_lines": 0, "excluded_lines": 0}, "missing_lines": [], "excluded_lines": []}, "TestUploadDocument.test_upload_multiple_documents": {"executed_lines": [102, 107, 109, 110], "summary": {"covered_lines": 4, "num_statements": 4, "percent_covered": 100.0, "percent_covered_display": "100", "missing_lines": 0, "excluded_lines": 0}, "missing_lines": [], "excluded_lines": []}, "TestUploadDocument.test_upload_invalid_extension": {"executed_lines": [114, 115, 117, 119, 120], "summary": {"covered_lines": 5, "num_statements": 5, "percent_covered": 100.0, "percent_covered_display": "100", "missing_lines": 0, "excluded_lines": 0}, "missing_lines": [], "excluded_lines": []}, "TestGetDocument.test_get_document": {"executed_lines": [128, 130, 131, 132, 133], "summary": {"covered_lines": 5, "num_statements": 5, "percent_covered": 100.0, "percent_covered_display": "100", "missing_lines": 0, "excluded_lines": 0}, "missing_lines": [], "excluded_lines": []}, "TestGetDocument.test_get_document_not_found": {"executed_lines": [137, 139, 140], "summary": {"covered_lines": 3, "num_statements": 3, "percent_covered": 100.0, "percent_covered_display": "100", "missing_lines": 0, "excluded_lines": 0}, "missing_lines": [], "excluded_lines": []}, "TestDeleteDocument.test_delete_document": {"executed_lines": [148, 150, 151, 152, 153, 156], "summary": {"covered_lines": 6, "num_statements": 6, "percent_covered": 100.0, "percent_covered_display": "100", "missing_lines": 0, "excluded_lines": 0}, "missing_lines": [], "excluded_lines": []}, "TestDeleteDocument.test_delete_document_not_found": {"executed_lines": [160, 162], "summary": {"covered_lines": 2, "num_statements": 2, "percent_covered": 100.0, "percent_covered_display": "100", "missing_lines": 0, "excluded_lines": 0}, "missing_lines": [], "excluded_lines": []}, "TestBatchDeleteDocuments.test_batch_delete_documents": {"executed_lines": [171, 172, 177, 179, 180, 181, 182, 185], "summary": {"covered_lines": 8, "num_statements": 8, "percent_covered": 100.0, "percent_covered_display": "100", "missing_lines": 0, "excluded_lines": 0}, "missing_lines": [], "excluded_lines": []}, "TestBatchDeleteDocuments.test_batch_delete_partial_not_found": {"executed_lines": [189, 194, 196, 197, 198, 199], "summary": {"covered_lines": 6, "num_statements": 6, "percent_covered": 100.0, "percent_covered_display": "100", "missing_lines": 0, "excluded_lines": 0}, "missing_lines": [], "excluded_lines": []}, "TestReprocessDocument.test_reprocess_document": {"executed_lines": [207, 209, 210, 211, 212, 215, 216], "summary": {"covered_lines": 7, "num_statements": 7, "percent_covered": 100.0, "percent_covered_display": "100", "missing_lines": 0, "excluded_lines": 0}, "missing_lines": [], "excluded_lines": []}, "TestReprocessDocument.test_reprocess_document_not_found": {"executed_lines": [220, 222], "summary": {"covered_lines": 2, "num_statements": 2, "percent_covered": 100.0, "percent_covered_display": "100", "missing_lines": 0, "excluded_lines": 0}, "missing_lines": [], "excluded_lines": []}, "": {"executed_lines": [1, 2, 3, 4, 5, 8, 9, 11, 18, 28, 47, 62, 63, 65, 81, 91, 100, 112, 123, 124, 126, 135, 143, 144, 146, 158, 165, 166, 168, 187, 202, 203, 205, 218], "summary": {"covered_lines": 27, "num_statements": 27, "percent_covered": 100.0, "percent_covered_display": "100", "missing_lines": 0, "excluded_lines": 0}, "missing_lines": [], "excluded_lines": []}}, "classes": {"TestListDocuments": {"executed_lines": [13, 15, 16, 20, 22, 23, 24, 25, 26, 31, 35, 40, 42, 43, 44, 45, 50, 51, 56, 58, 59], "summary": {"covered_lines": 21, "num_statements": 21, "percent_covered": 100.0, "percent_covered_display": "100", "missing_lines": 0, "excluded_lines": 0}, "missing_lines": [], "excluded_lines": []}, "TestUploadDocument": {"executed_lines": [68, 69, 71, 73, 74, 75, 76, 77, 78, 79, 83, 84, 86, 88, 89, 93, 94, 96, 98, 102, 107, 109, 110, 114, 115, 117, 119, 120], "summary": {"covered_lines": 28, "num_statements": 28, "percent_covered": 100.0, "percent_covered_display": "100", "missing_lines": 0, "excluded_lines": 0}, "missing_lines": [], "excluded_lines": []}, "TestGetDocument": {"executed_lines": [128, 130, 131, 132, 133, 137, 139, 140], "summary": {"covered_lines": 8, "num_statements": 8, "percent_covered": 100.0, "percent_covered_display": "100", "missing_lines": 0, "excluded_lines": 0}, "missing_lines": [], "excluded_lines": []}, "TestDeleteDocument": {"executed_lines": [148, 150, 151, 152, 153, 156, 160, 162], "summary": {"covered_lines": 8, "num_statements": 8, "percent_covered": 100.0, "percent_covered_display": "100", "missing_lines": 0, "excluded_lines": 0}, "missing_lines": [], "excluded_lines": []}, "TestBatchDeleteDocuments": {"executed_lines": [171, 172, 177, 179, 180, 181, 182, 185, 189, 194, 196, 197, 198, 199], "summary": {"covered_lines": 14, "num_statements": 14, "percent_covered": 100.0, "percent_covered_display": "100", "missing_lines": 0, "excluded_lines": 0}, "missing_lines": [], "excluded_lines": []}, "TestReprocessDocument": {"executed_lines": [207, 209, 210, 211, 212, 215, 216, 220, 222], "summary": {"covered_lines": 9, "num_statements": 9, "percent_covered": 100.0, "percent_covered_display": "100", "missing_lines": 0, "excluded_lines": 0}, "missing_lines": [], "excluded_lines": []}, "": {"executed_lines": [1, 2, 3, 4, 5, 8, 9, 11, 18, 28, 47, 62, 63, 65, 81, 91, 100, 112, 123, 124, 126, 135, 143, 144, 146, 158, 165, 166, 168, 187, 202, 203, 205, 218], "summary": {"covered_lines": 27, "num_statements": 27, "percent_covered": 100.0, "percent_covered_display": "100", "missing_lines": 0, "excluded_lines": 0}, "missing_lines": [], "excluded_lines": []}}}, "api/tests/test_rag.py": {"executed_lines": [1, 2, 3, 4, 9, 10, 13, 18, 27, 33, 48, 49, 50, 51, 53, 56, 57, 59, 64, 66, 67, 68, 71, 72, 74, 78, 82, 83, 84, 85, 86, 88, 92, 98, 101, 102, 104, 106, 116, 117, 118, 119, 120, 122, 124, 130, 131, 132, 133, 136, 137, 139, 141, 143, 144, 145, 146, 148, 150, 152, 153, 155, 157, 159, 162, 163, 165, 167, 169, 170, 171, 172, 175, 176, 177, 180, 181, 183, 191, 195, 196, 199, 200, 201, 202, 203, 206, 207, 208, 211, 212, 213, 214, 215, 218, 219, 221, 231, 232, 233, 239, 244, 249, 250, 251], "summary": {"covered_lines": 98, "num_statements": 98, "percent_covered": 100.0, "percent_covered_display": "100", "missing_lines": 0, "excluded_lines": 0}, "missing_lines": [], "excluded_lines": [], "functions": {"mock_retrieve_tools": {"executed_lines": [13, 27, 48, 49, 50, 51, 53], "summary": {"covered_lines": 7, "num_statements": 7, "percent_covered": 100.0, "percent_covered_display": "100", "missing_lines": 0, "excluded_lines": 0}, "missing_lines": [], "excluded_lines": []}, "mock_retrieve_tools._mock_retrieve": {"executed_lines": [18], "summary": {"covered_lines": 1, "num_statements": 1, "percent_covered": 100.0, "percent_covered_display": "100", "missing_lines": 0, "excluded_lines": 0}, "missing_lines": [], "excluded_lines": []}, "mock_retrieve_tools._mock_retrieve_graph": {"executed_lines": [33], "summary": {"covered_lines": 1, "num_statements": 1, "percent_covered": 100.0, "percent_covered_display": "100", "missing_lines": 0, "excluded_lines": 0}, "missing_lines": [], "excluded_lines": []}, "mock_gemini": {"executed_lines": [59, 66, 67, 68], "summary": {"covered_lines": 4, "num_statements": 4, "percent_covered": 100.0, "percent_covered_display": "100", "missing_lines": 0, "excluded_lines": 0}, "missing_lines": [], "excluded_lines": []}, "mock_gemini._mock_generate": {"executed_lines": [64], "summary": {"covered_lines": 1, "num_statements": 1, "percent_covered": 100.0, "percent_covered_display": "100", "missing_lines": 0, "excluded_lines": 0}, "missing_lines": [], "excluded_lines": []}, "TestRetrieveEndpoint.test_retrieve_endpoint": {"executed_lines": [78, 82, 83, 84, 85, 86], "summary": {"covered_lines": 6, "num_statements": 6, "percent_covered": 100.0, "percent_covered_display": "100", "missing_lines": 0, "excluded_lines": 0}, "missing_lines": [], "excluded_lines": []}, "TestRetrieveEndpoint.test_retrieve_with_params": {"executed_lines": [92, 98], "summary": {"covered_lines": 2, "num_statements": 2, "percent_covered": 100.0, "percent_covered_display": "100", "missing_lines": 0, "excluded_lines": 0}, "missing_lines": [], "excluded_lines": []}, "TestRerankEndpoint.test_rerank_endpoint": {"executed_lines": [106, 116, 117, 118, 119, 120], "summary": {"covered_lines": 6, "num_statements": 6, "percent_covered": 100.0, "percent_covered_display": "100", "missing_lines": 0, "excluded_lines": 0}, "missing_lines": [], "excluded_lines": []}, "TestRerankEndpoint.test_rerank_empty_chunks": {"executed_lines": [124, 130, 131, 132, 133], "summary": {"covered_lines": 5, "num_statements": 5, "percent_covered": 100.0, "percent_covered_display": "100", "missing_lines": 0, "excluded_lines": 0}, "missing_lines": [], "excluded_lines": []}, "TestSampleQuestionsEndpoint.test_sample_questions": {"executed_lines": [141, 143, 144, 145, 146], "summary": {"covered_lines": 5, "num_statements": 5, "percent_covered": 100.0, "percent_covered_display": "100", "missing_lines": 0, "excluded_lines": 0}, "missing_lines": [], "excluded_lines": []}, "TestSampleQuestionsEndpoint.test_sample_questions_with_count": {"executed_lines": [150, 152, 153], "summary": {"covered_lines": 3, "num_statements": 3, "percent_covered": 100.0, "percent_covered_display": "100", "missing_lines": 0, "excluded_lines": 0}, "missing_lines": [], "excluded_lines": []}, "TestSampleQuestionsEndpoint.test_sample_questions_no_shuffle": {"executed_lines": [157, 159], "summary": {"covered_lines": 2, "num_statements": 2, "percent_covered": 100.0, "percent_covered_display": "100", "missing_lines": 0, "excluded_lines": 0}, "missing_lines": [], "excluded_lines": []}, "TestListToolsEndpoint.test_list_tools": {"executed_lines": [167, 169, 170, 171, 172, 175, 176, 177], "summary": {"covered_lines": 8, "num_statements": 8, "percent_covered": 100.0, "percent_covered_display": "100", "missing_lines": 0, "excluded_lines": 0}, "missing_lines": [], "excluded_lines": []}, "TestCompareEndpoint.test_compare_endpoint": {"executed_lines": [191, 195, 196, 199, 200, 201, 202, 203, 206, 207, 208, 211, 212, 213, 214, 215], "summary": {"covered_lines": 16, "num_statements": 16, "percent_covered": 100.0, "percent_covered_display": "100", "missing_lines": 0, "excluded_lines": 0}, "missing_lines": [], "excluded_lines": []}, "TestQueryEndpoint.test_query_non_streaming": {"executed_lines": [231, 232, 239, 244, 249, 250, 251], "summary": {"covered_lines": 7, "num_statements": 7, "percent_covered": 100.0, "percent_covered_display": "100", "missing_lines": 0, "excluded_lines": 0}, "missing_lines": [], "excluded_lines": []}, "TestQueryEndpoint.test_query_non_streaming.MockRAGAgent.query_non_streaming": {"executed_lines": [233], "summary": {"covered_lines": 1, "num_statements": 1, "percent_covered": 100.0, "percent_covered_display": "100", "missing_lines": 0, "excluded_lines": 0}, "missing_lines": [], "excluded_lines": []}, "": {"executed_lines": [1, 2, 3, 4, 9, 10, 56, 57, 71, 72, 74, 88, 101, 102, 104, 122, 136, 137, 139, 148, 155, 162, 163, 165, 180, 181, 183, 218, 219, 221], "summary": {"covered_lines": 23, "num_statements": 23, "percent_covered": 100.0, "percent_covered_display": "100", "missing_lines": 0, "excluded_lines": 0}, "missing_lines": [], "excluded_lines": []}}, "classes": {"TestRetrieveEndpoint": {"executed_lines": [78, 82, 83, 84, 85, 86, 92, 98], "summary": {"covered_lines": 8, "num_statements": 8, "percent_covered": 100.0, "percent_covered_display": "100", "missing_lines": 0, "excluded_lines": 0}, "missing_lines": [], "excluded_lines": []}, "TestRerankEndpoint": {"executed_lines": [106, 116, 117, 118, 119, 120, 124, 130, 131, 132, 133], "summary": {"covered_lines": 11, "num_statements": 11, "percent_covered": 100.0, "percent_covered_display": "100", "missing_lines": 0, "excluded_lines": 0}, "missing_lines": [], "excluded_lines": []}, "TestSampleQuestionsEndpoint": {"executed_lines": [141, 143, 144, 145, 146, 150, 152, 153, 157, 159], "summary": {"covered_lines": 10, "num_statements": 10, "percent_covered": 100.0, "percent_covered_display": "100", "missing_lines": 0, "excluded_lines": 0}, "missing_lines": [], "excluded_lines": []}, "TestListToolsEndpoint": {"executed_lines": [167, 169, 170, 171, 172, 175, 176, 177], "summary": {"covered_lines": 8, "num_statements": 8, "percent_covered": 100.0, "percent_covered_display": "100", "missing_lines": 0, "excluded_lines": 0}, "missing_lines": [], "excluded_lines": []}, "TestCompareEndpoint": {"executed_lines": [191, 195, 196, 199, 200, 201, 202, 203, 206, 207, 208, 211, 212, 213, 214, 215], "summary": {"covered_lines": 16, "num_statements": 16, "percent_covered": 100.0, "percent_covered_display": "100", "missing_lines": 0, "excluded_lines": 0}, "missing_lines": [], "excluded_lines": []}, "TestQueryEndpoint": {"executed_lines": [231, 232, 239, 244, 249, 250, 251], "summary": {"covered_lines": 7, "num_statements": 7, "percent_covered": 100.0, "percent_covered_display": "100", "missing_lines": 0, "excluded_lines": 0}, "missing_lines": [], "excluded_lines": []}, "TestQueryEndpoint.test_query_non_streaming.MockRAGAgent": {"executed_lines": [233], "summary": {"covered_lines": 1, "num_statements": 1, "percent_covered": 100.0, "percent_covered_display": "100", "missing_lines": 0, "excluded_lines": 0}, "missing_lines": [], "excluded_lines": []}, "": {"executed_lines": [1, 2, 3, 4, 9, 10, 13, 18, 27, 33, 48, 49, 50, 51, 53, 56, 57, 59, 64, 66, 67, 68, 71, 72, 74, 88, 101, 102, 104, 122, 136, 137, 139, 148, 155, 162, 163, 165, 180, 181, 183, 218, 219, 221], "summary": {"covered_lines": 37, "num_statements": 37, "percent_covered": 100.0, "percent_covered_display": "100", "missing_lines": 0, "excluded_lines": 0}, "missing_lines": [], "excluded_lines": []}}}}, "totals": {"covered_lines": 1089, "num_statements": 1589, "percent_covered": 68.53366897419761, "percent_covered_display": "69", "missing_lines": 500, "excluded_lines": 0}}